#
# There is insufficient memory for the Java Runtime Environment to continue.
# Native memory allocation (mmap) failed to map 53477376 bytes. Error detail: G1 virtual space
# Possible reasons:
#   The system is out of physical RAM or swap space
#   This process is running with CompressedOops enabled, and the Java Heap may be blocking the growth of the native heap
# Possible solutions:
#   Reduce memory load on the system
#   Increase physical memory or swap space
#   Check if swap backing store is full
#   Decrease Java heap size (-Xmx/-Xms)
#   Decrease number of Java threads
#   Decrease Java thread stack sizes (-Xss)
#   Set larger code cache with -XX:ReservedCodeCacheSize=
#   JVM is running with Unscaled Compressed Oops mode in which the Java heap is
#     placed in the first 4GB address space. The Java Heap base address is the
#     maximum limit for the native heap growth. Please use -XX:HeapBaseMinAddress
#     to set the Java Heap base and to place the Java Heap above 4GB virtual address.
# This output file may be truncated or incomplete.
#
#  Out of Memory Error (os_windows.cpp:3926), pid=22572, tid=23752
#
# JRE version: OpenJDK Runtime Environment (21.0.10) (build 21.0.10+-14961533-b1163.108)
# Java VM: OpenJDK 64-Bit Server VM (21.0.10+-14961533-b1163.108, mixed mode, tiered, compressed oops, compressed class ptrs, g1 gc, windows-amd64)
# No core dump will be written. Minidumps are not enabled by default on client versions of Windows
#

---------------  S U M M A R Y ------------

Command Line: --add-opens=java.base/java.lang=ALL-UNNAMED --add-opens=java.base/java.lang.invoke=ALL-UNNAMED --add-opens=java.base/java.util=ALL-UNNAMED --add-opens=java.prefs/java.util.prefs=ALL-UNNAMED --add-exports=jdk.compiler/com.sun.tools.javac.api=ALL-UNNAMED --add-exports=jdk.compiler/com.sun.tools.javac.util=ALL-UNNAMED --add-opens=java.base/java.util=ALL-UNNAMED --add-opens=java.prefs/java.util.prefs=ALL-UNNAMED --add-opens=java.base/java.nio.charset=ALL-UNNAMED --add-opens=java.base/java.net=ALL-UNNAMED --add-opens=java.base/java.util.concurrent=ALL-UNNAMED --add-opens=java.base/java.util.concurrent.atomic=ALL-UNNAMED --add-opens=java.xml/javax.xml.namespace=ALL-UNNAMED --add-opens=java.base/java.time=ALL-UNNAMED -Xmx2048m -Dfile.encoding=UTF-8 -Duser.country=GB -Duser.language=en -Duser.variant -javaagent:C:\Users\kimar\.gradle\wrapper\dists\gradle-9.3.1-bin\23ovyewtku6u96viwx3xl3oks\gradle-9.3.1\lib\agents\gradle-instrumentation-agent-9.3.1.jar org.gradle.launcher.daemon.bootstrap.GradleDaemon 9.3.1

Host: AMD Ryzen 5 7530U with Radeon Graphics         , 12 cores, 15G,  Windows 11 , 64 bit Build 26100 (10.0.26100.7920)
Time: Sat Apr 18 18:12:11 2026 E. Africa Standard Time elapsed time: 23.154255 seconds (0d 0h 0m 23s)

---------------  T H R E A D  ---------------

Current thread (0x0000014bd2a71380):  VMThread "VM Thread"          [id=23752, stack(0x0000004388400000,0x0000004388500000) (1024K)]

Stack: [0x0000004388400000,0x0000004388500000]
Native frames: (J=compiled Java code, j=interpreted, Vv=VM code, C=native code)
V  [jvm.dll+0x6d78a9]
V  [jvm.dll+0x8665b3]
V  [jvm.dll+0x868bde]
V  [jvm.dll+0x8692c3]
V  [jvm.dll+0x280ee6]
V  [jvm.dll+0x6d4165]
V  [jvm.dll+0x6c77fa]
V  [jvm.dll+0x358f4b]
V  [jvm.dll+0x360bc6]
V  [jvm.dll+0x3b2ea6]
V  [jvm.dll+0x3b3178]
V  [jvm.dll+0x32b65c]
V  [jvm.dll+0x32b6e7]
V  [jvm.dll+0x3715cc]
V  [jvm.dll+0x36fd7e]
V  [jvm.dll+0x32adb1]
V  [jvm.dll+0x36f480]
V  [jvm.dll+0x86f048]
V  [jvm.dll+0x870394]
V  [jvm.dll+0x8708d0]
V  [jvm.dll+0x870b63]
V  [jvm.dll+0x80fd28]
V  [jvm.dll+0x6d60fd]
C  [ucrtbase.dll+0x37b0]
C  [KERNEL32.DLL+0x2e8d7]
C  [ntdll.dll+0x8c48c]

VM_Operation (0x000000438f4fc940): G1CollectForAllocation, mode: safepoint, requested by thread 0x0000014bdd0ab9f0


---------------  P R O C E S S  ---------------

Threads class SMR info:
_java_thread_list=0x0000014bdbf71630, length=108, elements={
0x0000014bbaf5be90, 0x0000014bd2b8fd00, 0x0000014bd2b933a0, 0x0000014bd2b93e00,
0x0000014bd2be1840, 0x0000014bd2be22a0, 0x0000014bd2be3110, 0x0000014bd2bc9060,
0x0000014bd2bcda10, 0x0000014bd2be59e0, 0x0000014bd2eae200, 0x0000014bd7e619e0,
0x0000014bd8a0def0, 0x0000014bd833a6c0, 0x0000014bd99ed9e0, 0x0000014bd99c6120,
0x0000014bd99b1f40, 0x0000014bd9a2ab00, 0x0000014bd9a2b190, 0x0000014bd9a27d10,
0x0000014bd9a28a30, 0x0000014bd9a283a0, 0x0000014bd9a290c0, 0x0000014bd9a29750,
0x0000014bd9e322e0, 0x0000014bd9e308a0, 0x0000014bd9e31c50, 0x0000014bd9e32970,
0x0000014bd9e33000, 0x0000014bd9e33690, 0x0000014bd9e343b0, 0x0000014bd9e30f30,
0x0000014bd9e315c0, 0x0000014bd9e36b10, 0x0000014bd9e371a0, 0x0000014bd9e36480,
0x0000014bd9e37830, 0x0000014bd9e35760, 0x0000014bd9e37ec0, 0x0000014bd9e350d0,
0x0000014bd71df0a0, 0x0000014bd71e2bb0, 0x0000014bd71dfdc0, 0x0000014bd71e0ae0,
0x0000014bd71e1800, 0x0000014bd71df730, 0x0000014bd71e38d0, 0x0000014bd71e3240,
0x0000014bd71e0450, 0x0000014bd71e3f60, 0x0000014bd71e1170, 0x0000014bd71e2520,
0x0000014bd71e4c80, 0x0000014bd71e45f0, 0x0000014bd71e5310, 0x0000014bd71e1e90,
0x0000014bd71e59a0, 0x0000014bd71e6030, 0x0000014bd71e66c0, 0x0000014bddbd27c0,
0x0000014bddbd0060, 0x0000014bddbd2e50, 0x0000014bddbd34e0, 0x0000014bddbd3b70,
0x0000014bddbd2130, 0x0000014bddbd06f0, 0x0000014bddbd4200, 0x0000014bddbd0d80,
0x0000014bddbd4890, 0x0000014bddbd1410, 0x0000014bddbd1aa0, 0x0000014bddbd55b0,
0x0000014bddbd5c40, 0x0000014bddbd62d0, 0x0000014bddbd6960, 0x0000014bddbd6ff0,
0x0000014bdbeea730, 0x0000014bdbee72b0, 0x0000014bdbee7fd0, 0x0000014bdbeeadc0,
0x0000014bdbee9380, 0x0000014bdbeea0a0, 0x0000014bdbee7940, 0x0000014bdbee9a10,
0x0000014bdbeeb450, 0x0000014bdbeebae0, 0x0000014bdbee8660, 0x0000014bdbee8cf0,
0x0000014bdbeec170, 0x0000014bdbeed520, 0x0000014bdbeec800, 0x0000014bdbeece90,
0x0000014bdbeedbb0, 0x0000014bdbeee240, 0x0000014bdbeee8d0, 0x0000014bdd029650,
0x0000014bdd026d70, 0x0000014bdd0aacd0, 0x0000014bdd0ab360, 0x0000014bdd0a9fb0,
0x0000014bdd0ab9f0, 0x0000014bdd0aa640, 0x0000014bdd0ac080, 0x0000014bdd0af500,
0x0000014bdd0ae150, 0x0000014bdd0ae7e0, 0x0000014bdd0aee70, 0x0000014bdd0ac710
}

Java Threads: ( => current thread )
  0x0000014bbaf5be90 JavaThread "main"                              [_thread_blocked, id=24060, stack(0x0000004387d00000,0x0000004387e00000) (1024K)]
  0x0000014bd2b8fd00 JavaThread "Common-Cleaner"             daemon [_thread_blocked, id=5708, stack(0x0000004388500000,0x0000004388600000) (1024K)]
  0x0000014bd2b933a0 JavaThread "Reference Handler"          daemon [_thread_blocked, id=9576, stack(0x0000004388600000,0x0000004388700000) (1024K)]
  0x0000014bd2b93e00 JavaThread "Finalizer"                  daemon [_thread_blocked, id=22704, stack(0x0000004388700000,0x0000004388800000) (1024K)]
  0x0000014bd2be1840 JavaThread "Signal Dispatcher"          daemon [_thread_blocked, id=23144, stack(0x0000004388800000,0x0000004388900000) (1024K)]
  0x0000014bd2be22a0 JavaThread "Attach Listener"            daemon [_thread_blocked, id=17312, stack(0x0000004388900000,0x0000004388a00000) (1024K)]
  0x0000014bd2be3110 JavaThread "Service Thread"             daemon [_thread_blocked, id=21816, stack(0x0000004388a00000,0x0000004388b00000) (1024K)]
  0x0000014bd2bc9060 JavaThread "Monitor Deflation Thread"   daemon [_thread_blocked, id=8912, stack(0x0000004388b00000,0x0000004388c00000) (1024K)]
  0x0000014bd2bcda10 JavaThread "C2 CompilerThread0"         daemon [_thread_blocked, id=19528, stack(0x0000004388c00000,0x0000004388d00000) (1024K)]
  0x0000014bd2be59e0 JavaThread "C1 CompilerThread0"         daemon [_thread_blocked, id=24036, stack(0x0000004388d00000,0x0000004388e00000) (1024K)]
  0x0000014bd2eae200 JavaThread "Notification Thread"        daemon [_thread_blocked, id=12824, stack(0x0000004388e00000,0x0000004388f00000) (1024K)]
  0x0000014bd7e619e0 JavaThread "Daemon health stats"               [_thread_blocked, id=22288, stack(0x0000004389400000,0x0000004389500000) (1024K)]
  0x0000014bd8a0def0 JavaThread "Incoming local TCP Connector on port 62304"        [_thread_in_native, id=12016, stack(0x0000004389600000,0x0000004389700000) (1024K)]
  0x0000014bd833a6c0 JavaThread "Daemon periodic checks"            [_thread_blocked, id=19908, stack(0x0000004389700000,0x0000004389800000) (1024K)]
  0x0000014bd99ed9e0 JavaThread "Daemon"                            [_thread_blocked, id=17736, stack(0x0000004389d00000,0x0000004389e00000) (1024K)]
  0x0000014bd99c6120 JavaThread "Handler for socket connection from /127.0.0.1:62304 to /127.0.0.1:62305"        [_thread_in_native, id=22304, stack(0x0000004389e00000,0x0000004389f00000) (1024K)]
  0x0000014bd99b1f40 JavaThread "Cancel handler"                    [_thread_blocked, id=10440, stack(0x0000004389f00000,0x000000438a000000) (1024K)]
  0x0000014bd9a2ab00 JavaThread "Daemon worker"                     [_thread_blocked, id=11860, stack(0x000000438a000000,0x000000438a100000) (1024K)]
  0x0000014bd9a2b190 JavaThread "Asynchronous log dispatcher for DefaultDaemonConnection: socket connection from /127.0.0.1:62304 to /127.0.0.1:62305"        [_thread_blocked, id=22260, stack(0x000000438a100000,0x000000438a200000) (1024K)]
  0x0000014bd9a27d10 JavaThread "Stdin handler"                     [_thread_blocked, id=5364, stack(0x000000438a400000,0x000000438a500000) (1024K)]
  0x0000014bd9a28a30 JavaThread "Daemon client event forwarder"        [_thread_blocked, id=19756, stack(0x000000438a500000,0x000000438a600000) (1024K)]
  0x0000014bd9a283a0 JavaThread "Cache worker for journal cache (C:\Users\kimar\.gradle\caches\journal-1)"        [_thread_blocked, id=24396, stack(0x000000438a600000,0x000000438a700000) (1024K)]
  0x0000014bd9a290c0 JavaThread "File lock request listener"        [_thread_in_native, id=22116, stack(0x000000438a700000,0x000000438a800000) (1024K)]
  0x0000014bd9a29750 JavaThread "Cache worker for file hash cache (C:\Users\kimar\.gradle\caches\9.3.1\fileHashes)"        [_thread_blocked, id=11116, stack(0x000000438a800000,0x000000438a900000) (1024K)]
  0x0000014bd9e322e0 JavaThread "Cache worker for file hash cache (C:\Users\kimar\AndroidStudioProjects\icleaner\.gradle\9.3.1\fileHashes)"        [_thread_blocked, id=16340, stack(0x000000438a900000,0x000000438aa00000) (1024K)]
  0x0000014bd9e308a0 JavaThread "Cache worker for Build Output Cleanup Cache (C:\Users\kimar\AndroidStudioProjects\icleaner\.gradle\buildOutputCleanup)"        [_thread_blocked, id=18108, stack(0x000000438aa00000,0x000000438ab00000) (1024K)]
  0x0000014bd9e31c50 JavaThread "File watcher server"        daemon [_thread_in_native, id=23736, stack(0x000000438ab00000,0x000000438ac00000) (1024K)]
  0x0000014bd9e32970 JavaThread "File watcher consumer"      daemon [_thread_blocked, id=15072, stack(0x000000438ac00000,0x000000438ad00000) (1024K)]
  0x0000014bd9e33000 JavaThread "Cache worker for checksums cache (C:\Users\kimar\AndroidStudioProjects\icleaner\.gradle\9.3.1\checksums)"        [_thread_blocked, id=19228, stack(0x0000004389500000,0x0000004389600000) (1024K)]
  0x0000014bd9e33690 JavaThread "Cache worker for file content cache (C:\Users\kimar\.gradle\caches\9.3.1\fileContent)"        [_thread_blocked, id=12680, stack(0x000000438ad00000,0x000000438ae00000) (1024K)]
  0x0000014bd9e343b0 JavaThread "Cache worker for cache directory md-supplier (C:\Users\kimar\.gradle\caches\9.3.1\md-supplier)"        [_thread_blocked, id=14912, stack(0x000000438ae00000,0x000000438af00000) (1024K)]
  0x0000014bd9e30f30 JavaThread "Cache worker for cache directory md-rule (C:\Users\kimar\.gradle\caches\9.3.1\md-rule)"        [_thread_blocked, id=23228, stack(0x000000438af00000,0x000000438b000000) (1024K)]
  0x0000014bd9e315c0 JavaThread "jar transforms"                    [_thread_blocked, id=13132, stack(0x0000004388f00000,0x0000004389000000) (1024K)]
  0x0000014bd9e36b10 JavaThread "jar transforms Thread 2"           [_thread_blocked, id=14752, stack(0x000000438b000000,0x000000438b100000) (1024K)]
  0x0000014bd9e371a0 JavaThread "jar transforms Thread 3"           [_thread_blocked, id=8904, stack(0x000000438b300000,0x000000438b400000) (1024K)]
  0x0000014bd9e36480 JavaThread "Unconstrained build operations"        [_thread_blocked, id=18420, stack(0x000000438b200000,0x000000438b300000) (1024K)]
  0x0000014bd9e37830 JavaThread "Unconstrained build operations Thread 2"        [_thread_blocked, id=21136, stack(0x000000438b400000,0x000000438b500000) (1024K)]
  0x0000014bd9e35760 JavaThread "Unconstrained build operations Thread 3"        [_thread_blocked, id=23636, stack(0x000000438b500000,0x000000438b600000) (1024K)]
  0x0000014bd9e37ec0 JavaThread "Unconstrained build operations Thread 4"        [_thread_blocked, id=20412, stack(0x000000438b600000,0x000000438b700000) (1024K)]
  0x0000014bd9e350d0 JavaThread "Unconstrained build operations Thread 5"        [_thread_blocked, id=6484, stack(0x000000438b700000,0x000000438b800000) (1024K)]
  0x0000014bd71df0a0 JavaThread "Unconstrained build operations Thread 6"        [_thread_blocked, id=6056, stack(0x000000438b800000,0x000000438b900000) (1024K)]
  0x0000014bd71e2bb0 JavaThread "Unconstrained build operations Thread 7"        [_thread_blocked, id=12668, stack(0x000000438b900000,0x000000438ba00000) (1024K)]
  0x0000014bd71dfdc0 JavaThread "Unconstrained build operations Thread 8"        [_thread_blocked, id=13128, stack(0x000000438ba00000,0x000000438bb00000) (1024K)]
  0x0000014bd71e0ae0 JavaThread "Unconstrained build operations Thread 9"        [_thread_blocked, id=14172, stack(0x000000438bb00000,0x000000438bc00000) (1024K)]
  0x0000014bd71e1800 JavaThread "Unconstrained build operations Thread 10"        [_thread_blocked, id=12624, stack(0x000000438bc00000,0x000000438bd00000) (1024K)]
  0x0000014bd71df730 JavaThread "Unconstrained build operations Thread 11"        [_thread_blocked, id=21416, stack(0x000000438bd00000,0x000000438be00000) (1024K)]
  0x0000014bd71e38d0 JavaThread "Unconstrained build operations Thread 12"        [_thread_blocked, id=19956, stack(0x000000438be00000,0x000000438bf00000) (1024K)]
  0x0000014bd71e3240 JavaThread "Unconstrained build operations Thread 13"        [_thread_blocked, id=14996, stack(0x000000438bf00000,0x000000438c000000) (1024K)]
  0x0000014bd71e0450 JavaThread "Unconstrained build operations Thread 14"        [_thread_blocked, id=5260, stack(0x000000438c000000,0x000000438c100000) (1024K)]
  0x0000014bd71e3f60 JavaThread "Unconstrained build operations Thread 15"        [_thread_blocked, id=10808, stack(0x000000438c100000,0x000000438c200000) (1024K)]
  0x0000014bd71e1170 JavaThread "Unconstrained build operations Thread 16"        [_thread_blocked, id=22256, stack(0x000000438c200000,0x000000438c300000) (1024K)]
  0x0000014bd71e2520 JavaThread "Unconstrained build operations Thread 17"        [_thread_blocked, id=21004, stack(0x000000438c300000,0x000000438c400000) (1024K)]
  0x0000014bd71e4c80 JavaThread "Unconstrained build operations Thread 18"        [_thread_blocked, id=23984, stack(0x000000438c400000,0x000000438c500000) (1024K)]
  0x0000014bd71e45f0 JavaThread "Unconstrained build operations Thread 19"        [_thread_blocked, id=21660, stack(0x000000438c500000,0x000000438c600000) (1024K)]
  0x0000014bd71e5310 JavaThread "Unconstrained build operations Thread 20"        [_thread_blocked, id=14484, stack(0x000000438c600000,0x000000438c700000) (1024K)]
  0x0000014bd71e1e90 JavaThread "jar transforms Thread 4"           [_thread_blocked, id=21256, stack(0x000000438c800000,0x000000438c900000) (1024K)]
  0x0000014bd71e59a0 JavaThread "jar transforms Thread 5"           [_thread_blocked, id=23252, stack(0x000000438c900000,0x000000438ca00000) (1024K)]
  0x0000014bd71e6030 JavaThread "Unconstrained build operations Thread 21"        [_thread_blocked, id=22784, stack(0x000000438ca00000,0x000000438cb00000) (1024K)]
  0x0000014bd71e66c0 JavaThread "Unconstrained build operations Thread 22"        [_thread_blocked, id=7208, stack(0x000000438cb00000,0x000000438cc00000) (1024K)]
  0x0000014bddbd27c0 JavaThread "Unconstrained build operations Thread 23"        [_thread_blocked, id=23392, stack(0x000000438cc00000,0x000000438cd00000) (1024K)]
  0x0000014bddbd0060 JavaThread "Unconstrained build operations Thread 24"        [_thread_blocked, id=17852, stack(0x000000438cd00000,0x000000438ce00000) (1024K)]
  0x0000014bddbd2e50 JavaThread "Unconstrained build operations Thread 25"        [_thread_blocked, id=20964, stack(0x000000438ce00000,0x000000438cf00000) (1024K)]
  0x0000014bddbd34e0 JavaThread "Unconstrained build operations Thread 26"        [_thread_blocked, id=5132, stack(0x000000438cf00000,0x000000438d000000) (1024K)]
  0x0000014bddbd3b70 JavaThread "Unconstrained build operations Thread 27"        [_thread_blocked, id=22644, stack(0x000000438d000000,0x000000438d100000) (1024K)]
  0x0000014bddbd2130 JavaThread "Unconstrained build operations Thread 28"        [_thread_blocked, id=21312, stack(0x000000438d100000,0x000000438d200000) (1024K)]
  0x0000014bddbd06f0 JavaThread "Unconstrained build operations Thread 29"        [_thread_blocked, id=15584, stack(0x000000438d200000,0x000000438d300000) (1024K)]
  0x0000014bddbd4200 JavaThread "Unconstrained build operations Thread 30"        [_thread_blocked, id=24560, stack(0x000000438d300000,0x000000438d400000) (1024K)]
  0x0000014bddbd0d80 JavaThread "jar transforms Thread 6"           [_thread_blocked, id=2464, stack(0x000000438d400000,0x000000438d500000) (1024K)]
  0x0000014bddbd4890 JavaThread "jar transforms Thread 7"           [_thread_blocked, id=18052, stack(0x000000438d500000,0x000000438d600000) (1024K)]
  0x0000014bddbd1410 JavaThread "jar transforms Thread 8"           [_thread_blocked, id=18868, stack(0x000000438d600000,0x000000438d700000) (1024K)]
  0x0000014bddbd1aa0 JavaThread "Unconstrained build operations Thread 31"        [_thread_blocked, id=24520, stack(0x000000438b100000,0x000000438b200000) (1024K)]
  0x0000014bddbd55b0 JavaThread "Unconstrained build operations Thread 32"        [_thread_blocked, id=21300, stack(0x000000438d700000,0x000000438d800000) (1024K)]
  0x0000014bddbd5c40 JavaThread "Unconstrained build operations Thread 33"        [_thread_blocked, id=15940, stack(0x000000438d800000,0x000000438d900000) (1024K)]
  0x0000014bddbd62d0 JavaThread "Unconstrained build operations Thread 34"        [_thread_blocked, id=20532, stack(0x000000438da00000,0x000000438db00000) (1024K)]
  0x0000014bddbd6960 JavaThread "Unconstrained build operations Thread 35"        [_thread_blocked, id=5996, stack(0x000000438db00000,0x000000438dc00000) (1024K)]
  0x0000014bddbd6ff0 JavaThread "Unconstrained build operations Thread 36"        [_thread_blocked, id=11916, stack(0x000000438dc00000,0x000000438dd00000) (1024K)]
  0x0000014bdbeea730 JavaThread "Unconstrained build operations Thread 37"        [_thread_blocked, id=4780, stack(0x000000438dd00000,0x000000438de00000) (1024K)]
  0x0000014bdbee72b0 JavaThread "Unconstrained build operations Thread 38"        [_thread_blocked, id=22768, stack(0x000000438de00000,0x000000438df00000) (1024K)]
  0x0000014bdbee7fd0 JavaThread "Unconstrained build operations Thread 39"        [_thread_blocked, id=20140, stack(0x000000438df00000,0x000000438e000000) (1024K)]
  0x0000014bdbeeadc0 JavaThread "Unconstrained build operations Thread 40"        [_thread_blocked, id=16792, stack(0x000000438e000000,0x000000438e100000) (1024K)]
  0x0000014bdbee9380 JavaThread "Unconstrained build operations Thread 41"        [_thread_blocked, id=24472, stack(0x000000438e100000,0x000000438e200000) (1024K)]
  0x0000014bdbeea0a0 JavaThread "Unconstrained build operations Thread 42"        [_thread_blocked, id=23756, stack(0x000000438e200000,0x000000438e300000) (1024K)]
  0x0000014bdbee7940 JavaThread "Unconstrained build operations Thread 43"        [_thread_blocked, id=22404, stack(0x000000438e300000,0x000000438e400000) (1024K)]
  0x0000014bdbee9a10 JavaThread "Unconstrained build operations Thread 44"        [_thread_blocked, id=21880, stack(0x000000438e400000,0x000000438e500000) (1024K)]
  0x0000014bdbeeb450 JavaThread "Unconstrained build operations Thread 45"        [_thread_blocked, id=23600, stack(0x000000438d900000,0x000000438da00000) (1024K)]
  0x0000014bdbeebae0 JavaThread "Unconstrained build operations Thread 46"        [_thread_blocked, id=21884, stack(0x000000438e500000,0x000000438e600000) (1024K)]
  0x0000014bdbee8660 JavaThread "Unconstrained build operations Thread 47"        [_thread_blocked, id=15424, stack(0x000000438e600000,0x000000438e700000) (1024K)]
  0x0000014bdbee8cf0 JavaThread "Unconstrained build operations Thread 48"        [_thread_blocked, id=22036, stack(0x000000438e700000,0x000000438e800000) (1024K)]
  0x0000014bdbeec170 JavaThread "Unconstrained build operations Thread 49"        [_thread_blocked, id=24388, stack(0x000000438e800000,0x000000438e900000) (1024K)]
  0x0000014bdbeed520 JavaThread "Unconstrained build operations Thread 50"        [_thread_blocked, id=6336, stack(0x000000438e900000,0x000000438ea00000) (1024K)]
  0x0000014bdbeec800 JavaThread "Unconstrained build operations Thread 51"        [_thread_blocked, id=11740, stack(0x000000438ea00000,0x000000438eb00000) (1024K)]
  0x0000014bdbeece90 JavaThread "Unconstrained build operations Thread 52"        [_thread_blocked, id=22292, stack(0x000000438eb00000,0x000000438ec00000) (1024K)]
  0x0000014bdbeedbb0 JavaThread "Unconstrained build operations Thread 53"        [_thread_blocked, id=1684, stack(0x000000438ec00000,0x000000438ed00000) (1024K)]
  0x0000014bdbeee240 JavaThread "Unconstrained build operations Thread 54"        [_thread_blocked, id=20200, stack(0x000000438ed00000,0x000000438ee00000) (1024K)]
  0x0000014bdbeee8d0 JavaThread "Unconstrained build operations Thread 55"        [_thread_blocked, id=17692, stack(0x000000438ee00000,0x000000438ef00000) (1024K)]
  0x0000014bdd029650 JavaThread "C2 CompilerThread1"         daemon [_thread_blocked, id=19036, stack(0x000000438ef00000,0x000000438f000000) (1024K)]
  0x0000014bdd026d70 JavaThread "C2 CompilerThread2"         daemon [_thread_blocked, id=24308, stack(0x000000438f000000,0x000000438f100000) (1024K)]
  0x0000014bdd0aacd0 JavaThread "Unconstrained build operations Thread 56"        [_thread_blocked, id=14040, stack(0x000000438f100000,0x000000438f200000) (1024K)]
  0x0000014bdd0ab360 JavaThread "Unconstrained build operations Thread 57"        [_thread_blocked, id=15784, stack(0x000000438f200000,0x000000438f300000) (1024K)]
  0x0000014bdd0a9fb0 JavaThread "Unconstrained build operations Thread 58"        [_thread_blocked, id=16220, stack(0x000000438f300000,0x000000438f400000) (1024K)]
  0x0000014bdd0ab9f0 JavaThread "Unconstrained build operations Thread 59"        [_thread_blocked, id=23768, stack(0x000000438f400000,0x000000438f500000) (1024K)]
  0x0000014bdd0aa640 JavaThread "Unconstrained build operations Thread 60"        [_thread_blocked, id=22148, stack(0x000000438f500000,0x000000438f600000) (1024K)]
  0x0000014bdd0ac080 JavaThread "Unconstrained build operations Thread 61"        [_thread_blocked, id=6272, stack(0x000000438f600000,0x000000438f700000) (1024K)]
  0x0000014bdd0af500 JavaThread "Unconstrained build operations Thread 62"        [_thread_blocked, id=9976, stack(0x000000438f700000,0x000000438f800000) (1024K)]
  0x0000014bdd0ae150 JavaThread "Unconstrained build operations Thread 63"        [_thread_blocked, id=20564, stack(0x000000438f800000,0x000000438f900000) (1024K)]
  0x0000014bdd0ae7e0 JavaThread "Unconstrained build operations Thread 64"        [_thread_blocked, id=22864, stack(0x000000438f900000,0x000000438fa00000) (1024K)]
  0x0000014bdd0aee70 JavaThread "Unconstrained build operations Thread 65"        [_thread_blocked, id=21316, stack(0x000000438fa00000,0x000000438fb00000) (1024K)]
  0x0000014bdd0ac710 JavaThread "Unconstrained build operations Thread 66"        [_thread_blocked, id=24316, stack(0x000000438fb00000,0x000000438fc00000) (1024K)]
Total: 108

Other Threads:
=>0x0000014bd2a71380 VMThread "VM Thread"                           [id=23752, stack(0x0000004388400000,0x0000004388500000) (1024K)]
  0x0000014bd2a2d990 WatcherThread "VM Periodic Task Thread"        [id=14848, stack(0x0000004388300000,0x0000004388400000) (1024K)]
  0x0000014bbafb4620 WorkerThread "GC Thread#0"                     [id=18236, stack(0x0000004387e00000,0x0000004387f00000) (1024K)]
  0x0000014bd76e8dc0 WorkerThread "GC Thread#1"                     [id=20376, stack(0x0000004389000000,0x0000004389100000) (1024K)]
  0x0000014bd77586a0 WorkerThread "GC Thread#2"                     [id=15296, stack(0x0000004389100000,0x0000004389200000) (1024K)]
  0x0000014bd7758a50 WorkerThread "GC Thread#3"                     [id=11508, stack(0x0000004389200000,0x0000004389300000) (1024K)]
  0x0000014bd7758e00 WorkerThread "GC Thread#4"                     [id=17928, stack(0x0000004389300000,0x0000004389400000) (1024K)]
  0x0000014bd9e47c20 WorkerThread "GC Thread#5"                     [id=24436, stack(0x0000004389800000,0x0000004389900000) (1024K)]
  0x0000014bd997d730 WorkerThread "GC Thread#6"                     [id=19280, stack(0x0000004389900000,0x0000004389a00000) (1024K)]
  0x0000014bd84c8450 WorkerThread "GC Thread#7"                     [id=15956, stack(0x0000004389a00000,0x0000004389b00000) (1024K)]
  0x0000014bd7e46da0 WorkerThread "GC Thread#8"                     [id=17916, stack(0x0000004389b00000,0x0000004389c00000) (1024K)]
  0x0000014bd9d91240 WorkerThread "GC Thread#9"                     [id=23968, stack(0x0000004389c00000,0x0000004389d00000) (1024K)]
  0x0000014bbafc5520 ConcurrentGCThread "G1 Main Marker"            [id=23912, stack(0x0000004387f00000,0x0000004388000000) (1024K)]
  0x0000014bbafc7d90 WorkerThread "G1 Conc#0"                       [id=24476, stack(0x0000004388000000,0x0000004388100000) (1024K)]
  0x0000014bd99c7e00 WorkerThread "G1 Conc#1"                       [id=22444, stack(0x000000438a200000,0x000000438a300000) (1024K)]
  0x0000014bd99c81b0 WorkerThread "G1 Conc#2"                       [id=17716, stack(0x000000438a300000,0x000000438a400000) (1024K)]
  0x0000014bd2985ad0 ConcurrentGCThread "G1 Refine#0"               [id=19580, stack(0x0000004388100000,0x0000004388200000) (1024K)]
  0x0000014bd2986300 ConcurrentGCThread "G1 Service"                [id=21536, stack(0x0000004388200000,0x0000004388300000) (1024K)]
Total: 18

Threads with active compile tasks:
C2 CompilerThread0  23234 9403   !   4       com.google.common.cache.LocalCache::processPendingNotifications (48 bytes)
C2 CompilerThread1  23234 9408       4       java.io.DataOutputStream::writeInt (28 bytes)
C2 CompilerThread2  23234 9405   !   4       java.nio.file.FileTreeWalker::next (144 bytes)
Total: 3

VM state: at safepoint (normal execution)

VM Mutex/Monitor currently owned by a thread:  ([mutex/lock_event])
[0x00007ff97ada86d0] Threads_lock - owner thread: 0x0000014bd2a71380
[0x00007ff97ada87d0] Heap_lock - owner thread: 0x0000014bdd0ab9f0

Heap address: 0x0000000080000000, size: 2048 MB, Compressed Oops mode: 32-bit

CDS archive(s) not mapped
Compressed class space mapped at: 0x0000000100000000-0x0000000140000000, reserved size: 1073741824
Narrow klass base: 0x0000000000000000, Narrow klass shift: 3, Narrow klass range: 0x140000000

GC Precious Log:
 CardTable entry size: 512
 Card Set container configuration: InlinePtr #cards 5 size 8 Array Of Cards #cards 12 size 40 Howl #buckets 4 coarsen threshold 1843 Howl Bitmap #cards 512 size 80 coarsen threshold 460 Card regions per heap region 1 cards per card region 2048
 CPUs: 12 total, 12 available
 Memory: 15723M
 Large Page Support: Disabled
 NUMA Support: Disabled
 Compressed Oops: Enabled (32-bit)
 Heap Region Size: 1M
 Heap Min Capacity: 8M
 Heap Initial Capacity: 246M
 Heap Max Capacity: 2G
 Pre-touch: Disabled
 Parallel Workers: 10
 Concurrent Workers: 3
 Concurrent Refinement Workers: 10
 Periodic GC: Disabled

Heap:
 garbage-first heap   total 116736K, used 57871K [0x0000000080000000, 0x0000000100000000)
  region size 1024K, 4 young (4096K), 4 survivors (4096K)
 Metaspace       used 78542K, committed 80448K, reserved 1179648K
  class space    used 11078K, committed 11968K, reserved 1048576K

Heap Regions: E=young(eden), S=young(survivor), O=old, HS=humongous(starts), HC=humongous(continues), CS=collection set, F=free, TAMS=top-at-mark-start, PB=parsable bottom
|   0|0x0000000080000000, 0x0000000080100000, 0x0000000080100000|100%|HS|  |TAMS 0x0000000080000000| PB 0x0000000080000000| Complete 
|   1|0x0000000080100000, 0x0000000080200000, 0x0000000080200000|100%|HC|  |TAMS 0x0000000080100000| PB 0x0000000080100000| Complete 
|   2|0x0000000080200000, 0x0000000080300000, 0x0000000080300000|100%|HC|  |TAMS 0x0000000080200000| PB 0x0000000080200000| Complete 
|   3|0x0000000080300000, 0x0000000080400000, 0x0000000080400000|100%|HC|  |TAMS 0x0000000080300000| PB 0x0000000080300000| Complete 
|   4|0x0000000080400000, 0x0000000080500000, 0x0000000080500000|100%| O|  |TAMS 0x0000000080400000| PB 0x0000000080400000| Untracked 
|   5|0x0000000080500000, 0x0000000080600000, 0x0000000080600000|100%| O|  |TAMS 0x0000000080500000| PB 0x0000000080500000| Untracked 
|   6|0x0000000080600000, 0x0000000080700000, 0x0000000080700000|100%| O|  |TAMS 0x0000000080600000| PB 0x0000000080600000| Untracked 
|   7|0x0000000080700000, 0x0000000080800000, 0x0000000080800000|100%|HS|  |TAMS 0x0000000080700000| PB 0x0000000080700000| Complete 
|   8|0x0000000080800000, 0x0000000080900000, 0x0000000080900000|100%| O|  |TAMS 0x0000000080800000| PB 0x0000000080800000| Untracked 
|   9|0x0000000080900000, 0x0000000080a00000, 0x0000000080a00000|100%| O|  |TAMS 0x0000000080900000| PB 0x0000000080900000| Untracked 
|  10|0x0000000080a00000, 0x0000000080b00000, 0x0000000080b00000|100%| O|  |TAMS 0x0000000080a00000| PB 0x0000000080a00000| Untracked 
|  11|0x0000000080b00000, 0x0000000080bf7238, 0x0000000080c00000| 96%| O|  |TAMS 0x0000000080b00000| PB 0x0000000080b00000| Untracked 
|  12|0x0000000080c00000, 0x0000000080d00000, 0x0000000080d00000|100%| O|  |TAMS 0x0000000080c00000| PB 0x0000000080c00000| Untracked 
|  13|0x0000000080d00000, 0x0000000080e00000, 0x0000000080e00000|100%| O|  |TAMS 0x0000000080d00000| PB 0x0000000080d00000| Untracked 
|  14|0x0000000080e00000, 0x0000000080f00000, 0x0000000080f00000|100%| O|  |TAMS 0x0000000080e00000| PB 0x0000000080e00000| Untracked 
|  15|0x0000000080f00000, 0x0000000081000000, 0x0000000081000000|100%| O|  |TAMS 0x0000000080f00000| PB 0x0000000080f00000| Untracked 
|  16|0x0000000081000000, 0x0000000081100000, 0x0000000081100000|100%| O|  |TAMS 0x0000000081000000| PB 0x0000000081000000| Untracked 
|  17|0x0000000081100000, 0x0000000081200000, 0x0000000081200000|100%| O|  |TAMS 0x0000000081100000| PB 0x0000000081100000| Untracked 
|  18|0x0000000081200000, 0x0000000081300000, 0x0000000081300000|100%| O|  |TAMS 0x0000000081200000| PB 0x0000000081200000| Untracked 
|  19|0x0000000081300000, 0x0000000081400000, 0x0000000081400000|100%| O|  |TAMS 0x0000000081300000| PB 0x0000000081300000| Untracked 
|  20|0x0000000081400000, 0x0000000081500000, 0x0000000081500000|100%| O|  |TAMS 0x0000000081400000| PB 0x0000000081400000| Untracked 
|  21|0x0000000081500000, 0x0000000081600000, 0x0000000081600000|100%| O|  |TAMS 0x0000000081500000| PB 0x0000000081500000| Untracked 
|  22|0x0000000081600000, 0x0000000081700000, 0x0000000081700000|100%| O|  |TAMS 0x0000000081600000| PB 0x0000000081600000| Untracked 
|  23|0x0000000081700000, 0x0000000081800000, 0x0000000081800000|100%| O|  |TAMS 0x0000000081700000| PB 0x0000000081700000| Untracked 
|  24|0x0000000081800000, 0x0000000081900000, 0x0000000081900000|100%| O|  |TAMS 0x0000000081800000| PB 0x0000000081800000| Untracked 
|  25|0x0000000081900000, 0x0000000081a00000, 0x0000000081a00000|100%| O|  |TAMS 0x0000000081900000| PB 0x0000000081900000| Untracked 
|  26|0x0000000081a00000, 0x0000000081b00000, 0x0000000081b00000|100%| O|  |TAMS 0x0000000081a00000| PB 0x0000000081a00000| Untracked 
|  27|0x0000000081b00000, 0x0000000081c00000, 0x0000000081c00000|100%| O|  |TAMS 0x0000000081b00000| PB 0x0000000081b00000| Untracked 
|  28|0x0000000081c00000, 0x0000000081d00000, 0x0000000081d00000|100%| O|  |TAMS 0x0000000081c00000| PB 0x0000000081c00000| Untracked 
|  29|0x0000000081d00000, 0x0000000081e00000, 0x0000000081e00000|100%| O|  |TAMS 0x0000000081d00000| PB 0x0000000081d00000| Untracked 
|  30|0x0000000081e00000, 0x0000000081f00000, 0x0000000081f00000|100%| O|  |TAMS 0x0000000081e00000| PB 0x0000000081e00000| Untracked 
|  31|0x0000000081f00000, 0x0000000082000000, 0x0000000082000000|100%| O|  |TAMS 0x0000000081f00000| PB 0x0000000081f00000| Untracked 
|  32|0x0000000082000000, 0x0000000082100000, 0x0000000082100000|100%| O|  |TAMS 0x0000000082000000| PB 0x0000000082000000| Untracked 
|  33|0x0000000082100000, 0x0000000082200000, 0x0000000082200000|100%|HS|  |TAMS 0x0000000082100000| PB 0x0000000082100000| Complete 
|  34|0x0000000082200000, 0x0000000082300000, 0x0000000082300000|100%|HC|  |TAMS 0x0000000082200000| PB 0x0000000082200000| Complete 
|  35|0x0000000082300000, 0x0000000082400000, 0x0000000082400000|100%| O|  |TAMS 0x0000000082300000| PB 0x0000000082300000| Untracked 
|  36|0x0000000082400000, 0x0000000082500000, 0x0000000082500000|100%| O|  |TAMS 0x0000000082400000| PB 0x0000000082400000| Untracked 
|  37|0x0000000082500000, 0x0000000082600000, 0x0000000082600000|100%| O|  |TAMS 0x0000000082500000| PB 0x0000000082500000| Untracked 
|  38|0x0000000082600000, 0x0000000082700000, 0x0000000082700000|100%| O|  |TAMS 0x0000000082600000| PB 0x0000000082600000| Untracked 
|  39|0x0000000082700000, 0x0000000082800000, 0x0000000082800000|100%| O|  |TAMS 0x0000000082700000| PB 0x0000000082700000| Untracked 
|  40|0x0000000082800000, 0x0000000082900000, 0x0000000082900000|100%| O|  |TAMS 0x0000000082800000| PB 0x0000000082800000| Untracked 
|  41|0x0000000082900000, 0x0000000082a00000, 0x0000000082a00000|100%| O|  |TAMS 0x0000000082900000| PB 0x0000000082900000| Untracked 
|  42|0x0000000082a00000, 0x0000000082b00000, 0x0000000082b00000|100%| O|  |TAMS 0x0000000082a00000| PB 0x0000000082a00000| Untracked 
|  43|0x0000000082b00000, 0x0000000082c00000, 0x0000000082c00000|100%| O|  |TAMS 0x0000000082b00000| PB 0x0000000082b00000| Untracked 
|  44|0x0000000082c00000, 0x0000000082d00000, 0x0000000082d00000|100%| O|  |TAMS 0x0000000082c00000| PB 0x0000000082c00000| Untracked 
|  45|0x0000000082d00000, 0x0000000082e00000, 0x0000000082e00000|100%| O|  |TAMS 0x0000000082d00000| PB 0x0000000082d00000| Untracked 
|  46|0x0000000082e00000, 0x0000000082f00000, 0x0000000082f00000|100%| O|  |TAMS 0x0000000082e00000| PB 0x0000000082e00000| Untracked 
|  47|0x0000000082f00000, 0x0000000082f970f0, 0x0000000083000000| 59%| O|  |TAMS 0x0000000082f00000| PB 0x0000000082f00000| Untracked 
|  48|0x0000000083000000, 0x0000000083000000, 0x0000000083100000|  0%| F|  |TAMS 0x0000000083000000| PB 0x0000000083000000| Untracked 
|  49|0x0000000083100000, 0x0000000083200000, 0x0000000083200000|100%| O|  |TAMS 0x0000000083100000| PB 0x0000000083100000| Untracked 
|  50|0x0000000083200000, 0x0000000083200000, 0x0000000083300000|  0%| F|  |TAMS 0x0000000083200000| PB 0x0000000083200000| Untracked 
|  51|0x0000000083300000, 0x0000000083300000, 0x0000000083400000|  0%| F|  |TAMS 0x0000000083300000| PB 0x0000000083300000| Untracked 
|  52|0x0000000083400000, 0x0000000083500000, 0x0000000083500000|100%| O|  |TAMS 0x0000000083400000| PB 0x0000000083400000| Untracked 
|  53|0x0000000083500000, 0x0000000083600000, 0x0000000083600000|100%| O|  |TAMS 0x0000000083500000| PB 0x0000000083500000| Untracked 
|  54|0x0000000083600000, 0x0000000083700000, 0x0000000083700000|100%| O|  |TAMS 0x0000000083600000| PB 0x0000000083600000| Untracked 
|  55|0x0000000083700000, 0x0000000083700000, 0x0000000083800000|  0%| F|  |TAMS 0x0000000083700000| PB 0x0000000083700000| Untracked 
|  56|0x0000000083800000, 0x0000000083800000, 0x0000000083900000|  0%| F|  |TAMS 0x0000000083800000| PB 0x0000000083800000| Untracked 
|  57|0x0000000083900000, 0x0000000083900000, 0x0000000083a00000|  0%| F|  |TAMS 0x0000000083900000| PB 0x0000000083900000| Untracked 
|  58|0x0000000083a00000, 0x0000000083a00000, 0x0000000083b00000|  0%| F|  |TAMS 0x0000000083a00000| PB 0x0000000083a00000| Untracked 
|  59|0x0000000083b00000, 0x0000000083b00000, 0x0000000083c00000|  0%| F|  |TAMS 0x0000000083b00000| PB 0x0000000083b00000| Untracked 
|  60|0x0000000083c00000, 0x0000000083cf5bb0, 0x0000000083d00000| 95%| S|CS|TAMS 0x0000000083c00000| PB 0x0000000083c00000| Complete 
|  61|0x0000000083d00000, 0x0000000083e00000, 0x0000000083e00000|100%| S|CS|TAMS 0x0000000083d00000| PB 0x0000000083d00000| Complete 
|  62|0x0000000083e00000, 0x0000000083f00000, 0x0000000083f00000|100%| S|CS|TAMS 0x0000000083e00000| PB 0x0000000083e00000| Complete 
|  63|0x0000000083f00000, 0x0000000084000000, 0x0000000084000000|100%| S|CS|TAMS 0x0000000083f00000| PB 0x0000000083f00000| Complete 
|  64|0x0000000084000000, 0x0000000084000000, 0x0000000084100000|  0%| F|  |TAMS 0x0000000084000000| PB 0x0000000084000000| Untracked 
|  65|0x0000000084100000, 0x0000000084100000, 0x0000000084200000|  0%| F|  |TAMS 0x0000000084100000| PB 0x0000000084100000| Untracked 
|  66|0x0000000084200000, 0x0000000084200000, 0x0000000084300000|  0%| F|  |TAMS 0x0000000084200000| PB 0x0000000084200000| Untracked 
|  67|0x0000000084300000, 0x0000000084300000, 0x0000000084400000|  0%| F|  |TAMS 0x0000000084300000| PB 0x0000000084300000| Untracked 
|  68|0x0000000084400000, 0x0000000084400000, 0x0000000084500000|  0%| F|  |TAMS 0x0000000084400000| PB 0x0000000084400000| Untracked 
|  69|0x0000000084500000, 0x0000000084500000, 0x0000000084600000|  0%| F|  |TAMS 0x0000000084500000| PB 0x0000000084500000| Untracked 
|  70|0x0000000084600000, 0x0000000084600000, 0x0000000084700000|  0%| F|  |TAMS 0x0000000084600000| PB 0x0000000084600000| Untracked 
|  71|0x0000000084700000, 0x0000000084700000, 0x0000000084800000|  0%| F|  |TAMS 0x0000000084700000| PB 0x0000000084700000| Untracked 
|  72|0x0000000084800000, 0x0000000084800000, 0x0000000084900000|  0%| F|  |TAMS 0x0000000084800000| PB 0x0000000084800000| Untracked 
|  73|0x0000000084900000, 0x0000000084900000, 0x0000000084a00000|  0%| F|  |TAMS 0x0000000084900000| PB 0x0000000084900000| Untracked 
|  74|0x0000000084a00000, 0x0000000084a00000, 0x0000000084b00000|  0%| F|  |TAMS 0x0000000084a00000| PB 0x0000000084a00000| Untracked 
|  75|0x0000000084b00000, 0x0000000084b00000, 0x0000000084c00000|  0%| F|  |TAMS 0x0000000084b00000| PB 0x0000000084b00000| Untracked 
|  76|0x0000000084c00000, 0x0000000084c00000, 0x0000000084d00000|  0%| F|  |TAMS 0x0000000084c00000| PB 0x0000000084c00000| Untracked 
|  77|0x0000000084d00000, 0x0000000084d00000, 0x0000000084e00000|  0%| F|  |TAMS 0x0000000084d00000| PB 0x0000000084d00000| Untracked 
|  78|0x0000000084e00000, 0x0000000084e00000, 0x0000000084f00000|  0%| F|  |TAMS 0x0000000084e00000| PB 0x0000000084e00000| Untracked 
|  79|0x0000000084f00000, 0x0000000084f00000, 0x0000000085000000|  0%| F|  |TAMS 0x0000000084f00000| PB 0x0000000084f00000| Untracked 
|  80|0x0000000085000000, 0x0000000085000000, 0x0000000085100000|  0%| F|  |TAMS 0x0000000085000000| PB 0x0000000085000000| Untracked 
|  81|0x0000000085100000, 0x0000000085100000, 0x0000000085200000|  0%| F|  |TAMS 0x0000000085100000| PB 0x0000000085100000| Untracked 
|  82|0x0000000085200000, 0x0000000085200000, 0x0000000085300000|  0%| F|  |TAMS 0x0000000085200000| PB 0x0000000085200000| Untracked 
|  83|0x0000000085300000, 0x0000000085300000, 0x0000000085400000|  0%| F|  |TAMS 0x0000000085300000| PB 0x0000000085300000| Untracked 
|  84|0x0000000085400000, 0x0000000085400000, 0x0000000085500000|  0%| F|  |TAMS 0x0000000085400000| PB 0x0000000085400000| Untracked 
|  85|0x0000000085500000, 0x0000000085500000, 0x0000000085600000|  0%| F|  |TAMS 0x0000000085500000| PB 0x0000000085500000| Untracked 
|  86|0x0000000085600000, 0x0000000085600000, 0x0000000085700000|  0%| F|  |TAMS 0x0000000085600000| PB 0x0000000085600000| Untracked 
|  87|0x0000000085700000, 0x0000000085700000, 0x0000000085800000|  0%| F|  |TAMS 0x0000000085700000| PB 0x0000000085700000| Untracked 
|  88|0x0000000085800000, 0x0000000085800000, 0x0000000085900000|  0%| F|  |TAMS 0x0000000085800000| PB 0x0000000085800000| Untracked 
|  89|0x0000000085900000, 0x0000000085900000, 0x0000000085a00000|  0%| F|  |TAMS 0x0000000085900000| PB 0x0000000085900000| Untracked 
|  90|0x0000000085a00000, 0x0000000085a00000, 0x0000000085b00000|  0%| F|  |TAMS 0x0000000085a00000| PB 0x0000000085a00000| Untracked 
|  91|0x0000000085b00000, 0x0000000085b00000, 0x0000000085c00000|  0%| F|  |TAMS 0x0000000085b00000| PB 0x0000000085b00000| Untracked 
|  92|0x0000000085c00000, 0x0000000085c00000, 0x0000000085d00000|  0%| F|  |TAMS 0x0000000085c00000| PB 0x0000000085c00000| Untracked 
|  93|0x0000000085d00000, 0x0000000085d00000, 0x0000000085e00000|  0%| F|  |TAMS 0x0000000085d00000| PB 0x0000000085d00000| Untracked 
|  94|0x0000000085e00000, 0x0000000085e00000, 0x0000000085f00000|  0%| F|  |TAMS 0x0000000085e00000| PB 0x0000000085e00000| Untracked 
|  95|0x0000000085f00000, 0x0000000085f00000, 0x0000000086000000|  0%| F|  |TAMS 0x0000000085f00000| PB 0x0000000085f00000| Untracked 
|  96|0x0000000086000000, 0x0000000086000000, 0x0000000086100000|  0%| F|  |TAMS 0x0000000086000000| PB 0x0000000086000000| Untracked 
|  97|0x0000000086100000, 0x0000000086100000, 0x0000000086200000|  0%| F|  |TAMS 0x0000000086100000| PB 0x0000000086100000| Untracked 
|  98|0x0000000086200000, 0x0000000086200000, 0x0000000086300000|  0%| F|  |TAMS 0x0000000086200000| PB 0x0000000086200000| Untracked 
|  99|0x0000000086300000, 0x0000000086300000, 0x0000000086400000|  0%| F|  |TAMS 0x0000000086300000| PB 0x0000000086300000| Untracked 
| 100|0x0000000086400000, 0x0000000086400000, 0x0000000086500000|  0%| F|  |TAMS 0x0000000086400000| PB 0x0000000086400000| Untracked 
| 101|0x0000000086500000, 0x0000000086500000, 0x0000000086600000|  0%| F|  |TAMS 0x0000000086500000| PB 0x0000000086500000| Untracked 
| 102|0x0000000086600000, 0x0000000086600000, 0x0000000086700000|  0%| F|  |TAMS 0x0000000086600000| PB 0x0000000086600000| Untracked 
| 230|0x000000008e600000, 0x000000008e600000, 0x000000008e700000|  0%| F|  |TAMS 0x000000008e600000| PB 0x000000008e600000| Untracked 
| 231|0x000000008e700000, 0x000000008e700000, 0x000000008e800000|  0%| F|  |TAMS 0x000000008e700000| PB 0x000000008e700000| Untracked 
| 232|0x000000008e800000, 0x000000008e800000, 0x000000008e900000|  0%| F|  |TAMS 0x000000008e800000| PB 0x000000008e800000| Untracked 
| 233|0x000000008e900000, 0x000000008e900000, 0x000000008ea00000|  0%| F|  |TAMS 0x000000008e900000| PB 0x000000008e900000| Untracked 
| 234|0x000000008ea00000, 0x000000008ea00000, 0x000000008eb00000|  0%| F|  |TAMS 0x000000008ea00000| PB 0x000000008ea00000| Untracked 
| 235|0x000000008eb00000, 0x000000008eb00000, 0x000000008ec00000|  0%| F|  |TAMS 0x000000008eb00000| PB 0x000000008eb00000| Untracked 
| 236|0x000000008ec00000, 0x000000008ec00000, 0x000000008ed00000|  0%| F|  |TAMS 0x000000008ec00000| PB 0x000000008ec00000| Untracked 
| 237|0x000000008ed00000, 0x000000008ed00000, 0x000000008ee00000|  0%| F|  |TAMS 0x000000008ed00000| PB 0x000000008ed00000| Untracked 
| 238|0x000000008ee00000, 0x000000008ee00000, 0x000000008ef00000|  0%| F|  |TAMS 0x000000008ee00000| PB 0x000000008ee00000| Untracked 
| 245|0x000000008f500000, 0x000000008f500000, 0x000000008f600000|  0%| F|  |TAMS 0x000000008f500000| PB 0x000000008f500000| Untracked 
|2047|0x00000000fff00000, 0x0000000100000000, 0x0000000100000000|100%| O|  |TAMS 0x00000000fff00000| PB 0x00000000fff00000| Untracked 

Card table byte_map: [0x0000014bcda10000,0x0000014bcde10000] _byte_map_base: 0x0000014bcd610000

Marking Bits: (CMBitMap*) 0x0000014bbafb4c40
 Bits: [0x0000014bcde10000, 0x0000014bcfe10000)

Polling page: 0x0000014bb8db0000

Metaspace:

Usage:
  Non-class:     65.88 MB used.
      Class:     10.82 MB used.
       Both:     76.70 MB used.

Virtual space:
  Non-class space:      128.00 MB reserved,      66.88 MB ( 52%) committed,  2 nodes.
      Class space:        1.00 GB reserved,      11.69 MB (  1%) committed,  1 nodes.
             Both:        1.12 GB reserved,      78.56 MB (  7%) committed. 

Chunk freelists:
   Non-Class:  12.28 MB
       Class:  4.12 MB
        Both:  16.41 MB

MaxMetaspaceSize: unlimited
CompressedClassSpaceSize: 1.00 GB
Initial GC threshold: 21.00 MB
Current GC threshold: 130.62 MB
CDS: off
 - commit_granule_bytes: 65536.
 - commit_granule_words: 8192.
 - virtual_space_node_default_size: 8388608.
 - enlarge_chunks_in_place: 1.
 - use_allocation_guard: 0.


Internal statistics:

num_allocs_failed_limit: 6.
num_arena_births: 3566.
num_arena_deaths: 0.
num_vsnodes_births: 3.
num_vsnodes_deaths: 0.
num_space_committed: 1257.
num_space_uncommitted: 0.
num_chunks_returned_to_freelist: 6.
num_chunks_taken_from_freelist: 6755.
num_chunk_merges: 3.
num_chunk_splits: 4352.
num_chunks_enlarged: 2635.
num_inconsistent_stats: 0.

CodeHeap 'non-profiled nmethods': size=120000Kb used=4240Kb max_used=4240Kb free=115760Kb
 bounds [0x0000014bc5b90000, 0x0000014bc5fc0000, 0x0000014bcd0c0000]
CodeHeap 'profiled nmethods': size=120000Kb used=14463Kb max_used=14516Kb free=105536Kb
 bounds [0x0000014bbe0c0000, 0x0000014bbef00000, 0x0000014bc55f0000]
CodeHeap 'non-nmethods': size=5760Kb used=1978Kb max_used=2016Kb free=3781Kb
 bounds [0x0000014bc55f0000, 0x0000014bc5860000, 0x0000014bc5b90000]
CodeCache: size=245760Kb, used=20681Kb, max_used=20772Kb, free=225077Kb
 total_blobs=8673, nmethods=7833, adapters=742, full_count=0
Compilation: enabled, stopped_count=0, restarted_count=0

Compilation events (20 events):
Event: 21.068 Thread 0x0000014bd2bcda10 nmethod 9399 0x0000014bc5e12a10 code [0x0000014bc5e12ba0, 0x0000014bc5e12cd8]
Event: 21.068 Thread 0x0000014bd2bcda10 9394       4       java.lang.ref.Reference::enqueueFromPending (19 bytes)
Event: 21.069 Thread 0x0000014bdd026d70 nmethod 9396 0x0000014bc5e11490 code [0x0000014bc5e116a0, 0x0000014bc5e123b0]
Event: 21.069 Thread 0x0000014bdd026d70 9400       4       org.gradle.internal.hash.HashCode::toStringBuilder (67 bytes)
Event: 21.074 Thread 0x0000014bdd029650 nmethod 9392 0x0000014bc5e0ed90 code [0x0000014bc5e0f020, 0x0000014bc5e10870]
Event: 21.084 Thread 0x0000014bdd029650 9401       4       org.gradle.cache.internal.btree.FileBackedBlockStore$BlockImpl::getPos (31 bytes)
Event: 21.086 Thread 0x0000014bdd026d70 nmethod 9400 0x0000014bc5e0dc90 code [0x0000014bc5e0dec0, 0x0000014bc5e0e7a8]
Event: 21.087 Thread 0x0000014bdd029650 nmethod 9401 0x0000014bc5e0d710 code [0x0000014bc5e0d8c0, 0x0000014bc5e0dae8]
Event: 21.090 Thread 0x0000014bd2be59e0 9402   !   3       org.gradle.api.internal.artifacts.transform.TransformingAsyncArtifactListener$TransformedArtifact::finalizeValue (168 bytes)
Event: 21.091 Thread 0x0000014bd2bcda10 nmethod 9394 0x0000014bc5e0bd10 code [0x0000014bc5e0bfc0, 0x0000014bc5e0d018]
Event: 21.092 Thread 0x0000014bd2be59e0 nmethod 9402 0x0000014bbedd7d90 code [0x0000014bbedd8100, 0x0000014bbedd96a8]
Event: 21.092 Thread 0x0000014bd2bcda10 9403   !   4       com.google.common.cache.LocalCache::processPendingNotifications (48 bytes)
Event: 21.102 Thread 0x0000014bd2be59e0 9404       3       org.gradle.cache.internal.filelock.LockFileAccess::writeLockInfo (49 bytes)
Event: 21.102 Thread 0x0000014bd2be59e0 nmethod 9404 0x0000014bbe966f10 code [0x0000014bbe9670e0, 0x0000014bbe9674f8]
Event: 21.109 Thread 0x0000014bdd026d70 9405   !   4       java.nio.file.FileTreeWalker::next (144 bytes)
Event: 21.116 Thread 0x0000014bd2be59e0 9406       3       org.gradle.internal.hash.Hashing::newPrimitiveHasher (9 bytes)
Event: 21.117 Thread 0x0000014bd2be59e0 nmethod 9406 0x0000014bbe966290 code [0x0000014bbe9664c0, 0x0000014bbe966be0]
Event: 21.117 Thread 0x0000014bd2be59e0 9407       3       com.google.common.base.Preconditions::checkPositionIndexes (29 bytes)
Event: 21.117 Thread 0x0000014bd2be59e0 nmethod 9407 0x0000014bbe95ea10 code [0x0000014bbe95ebe0, 0x0000014bbe95ee68]
Event: 21.119 Thread 0x0000014bdd029650 9408       4       java.io.DataOutputStream::writeInt (28 bytes)

GC Heap History (20 events):
Event: 16.007 GC heap after
{Heap after GC invocations=20 (full 0):
 garbage-first heap   total 83968K, used 49675K [0x0000000080000000, 0x0000000100000000)
  region size 1024K, 3 young (3072K), 3 survivors (3072K)
 Metaspace       used 73251K, committed 75072K, reserved 1114112K
  class space    used 10389K, committed 11264K, reserved 1048576K
}
Event: 16.686 GC heap before
{Heap before GC invocations=20 (full 0):
 garbage-first heap   total 83968K, used 77323K [0x0000000080000000, 0x0000000100000000)
  region size 1024K, 30 young (30720K), 3 survivors (3072K)
 Metaspace       used 76641K, committed 78528K, reserved 1179648K
  class space    used 10928K, committed 11840K, reserved 1048576K
}
Event: 16.693 GC heap after
{Heap after GC invocations=21 (full 0):
 garbage-first heap   total 83968K, used 50297K [0x0000000080000000, 0x0000000100000000)
  region size 1024K, 3 young (3072K), 3 survivors (3072K)
 Metaspace       used 76641K, committed 78528K, reserved 1179648K
  class space    used 10928K, committed 11840K, reserved 1048576K
}
Event: 19.938 GC heap before
{Heap before GC invocations=21 (full 0):
 garbage-first heap   total 83968K, used 76921K [0x0000000080000000, 0x0000000100000000)
  region size 1024K, 30 young (30720K), 3 survivors (3072K)
 Metaspace       used 78031K, committed 79936K, reserved 1179648K
  class space    used 11078K, committed 11968K, reserved 1048576K
}
Event: 19.945 GC heap after
{Heap after GC invocations=22 (full 0):
 garbage-first heap   total 84992K, used 53576K [0x0000000080000000, 0x0000000100000000)
  region size 1024K, 4 young (4096K), 4 survivors (4096K)
 Metaspace       used 78031K, committed 79936K, reserved 1179648K
  class space    used 11078K, committed 11968K, reserved 1048576K
}
Event: 20.082 GC heap before
{Heap before GC invocations=23 (full 0):
 garbage-first heap   total 91136K, used 77128K [0x0000000080000000, 0x0000000100000000)
  region size 1024K, 28 young (28672K), 4 survivors (4096K)
 Metaspace       used 78136K, committed 80000K, reserved 1179648K
  class space    used 11078K, committed 11968K, reserved 1048576K
}
Event: 20.087 GC heap after
{Heap after GC invocations=24 (full 0):
 garbage-first heap   total 91136K, used 54817K [0x0000000080000000, 0x0000000100000000)
  region size 1024K, 2 young (2048K), 2 survivors (2048K)
 Metaspace       used 78136K, committed 80000K, reserved 1179648K
  class space    used 11078K, committed 11968K, reserved 1048576K
}
Event: 20.254 GC heap before
{Heap before GC invocations=24 (full 0):
 garbage-first heap   total 91136K, used 82465K [0x0000000080000000, 0x0000000100000000)
  region size 1024K, 30 young (30720K), 2 survivors (2048K)
 Metaspace       used 78260K, committed 80128K, reserved 1179648K
  class space    used 11078K, committed 11968K, reserved 1048576K
}
Event: 20.257 GC heap after
{Heap after GC invocations=25 (full 0):
 garbage-first heap   total 91136K, used 55265K [0x0000000080000000, 0x0000000100000000)
  region size 1024K, 2 young (2048K), 2 survivors (2048K)
 Metaspace       used 78260K, committed 80128K, reserved 1179648K
  class space    used 11078K, committed 11968K, reserved 1048576K
}
Event: 20.395 GC heap before
{Heap before GC invocations=25 (full 0):
 garbage-first heap   total 91136K, used 82913K [0x0000000080000000, 0x0000000100000000)
  region size 1024K, 30 young (30720K), 2 survivors (2048K)
 Metaspace       used 78373K, committed 80256K, reserved 1179648K
  class space    used 11078K, committed 11968K, reserved 1048576K
}
Event: 20.399 GC heap after
{Heap after GC invocations=26 (full 0):
 garbage-first heap   total 91136K, used 55750K [0x0000000080000000, 0x0000000100000000)
  region size 1024K, 3 young (3072K), 3 survivors (3072K)
 Metaspace       used 78373K, committed 80256K, reserved 1179648K
  class space    used 11078K, committed 11968K, reserved 1048576K
}
Event: 20.574 GC heap before
{Heap before GC invocations=27 (full 0):
 garbage-first heap   total 96256K, used 82374K [0x0000000080000000, 0x0000000100000000)
  region size 1024K, 30 young (30720K), 3 survivors (3072K)
 Metaspace       used 78393K, committed 80256K, reserved 1179648K
  class space    used 11078K, committed 11968K, reserved 1048576K
}
Event: 20.578 GC heap after
{Heap after GC invocations=28 (full 0):
 garbage-first heap   total 116736K, used 56212K [0x0000000080000000, 0x0000000100000000)
  region size 1024K, 3 young (3072K), 3 survivors (3072K)
 Metaspace       used 78393K, committed 80256K, reserved 1179648K
  class space    used 11078K, committed 11968K, reserved 1048576K
}
Event: 20.786 GC heap before
{Heap before GC invocations=28 (full 0):
 garbage-first heap   total 116736K, used 107412K [0x0000000080000000, 0x0000000100000000)
  region size 1024K, 54 young (55296K), 3 survivors (3072K)
 Metaspace       used 78503K, committed 80384K, reserved 1179648K
  class space    used 11078K, committed 11968K, reserved 1048576K
}
Event: 20.792 GC heap after
{Heap after GC invocations=29 (full 0):
 garbage-first heap   total 116736K, used 56527K [0x0000000080000000, 0x0000000100000000)
  region size 1024K, 4 young (4096K), 4 survivors (4096K)
 Metaspace       used 78503K, committed 80384K, reserved 1179648K
  class space    used 11078K, committed 11968K, reserved 1048576K
}
Event: 20.909 GC heap before
{Heap before GC invocations=29 (full 0):
 garbage-first heap   total 116736K, used 107727K [0x0000000080000000, 0x0000000100000000)
  region size 1024K, 54 young (55296K), 4 survivors (4096K)
 Metaspace       used 78511K, committed 80384K, reserved 1179648K
  class space    used 11078K, committed 11968K, reserved 1048576K
}
Event: 20.914 GC heap after
{Heap after GC invocations=30 (full 0):
 garbage-first heap   total 116736K, used 57340K [0x0000000080000000, 0x0000000100000000)
  region size 1024K, 4 young (4096K), 4 survivors (4096K)
 Metaspace       used 78511K, committed 80384K, reserved 1179648K
  class space    used 11078K, committed 11968K, reserved 1048576K
}
Event: 21.025 GC heap before
{Heap before GC invocations=31 (full 0):
 garbage-first heap   total 116736K, used 107516K [0x0000000080000000, 0x0000000100000000)
  region size 1024K, 54 young (55296K), 4 survivors (4096K)
 Metaspace       used 78536K, committed 80448K, reserved 1179648K
  class space    used 11078K, committed 11968K, reserved 1048576K
}
Event: 21.030 GC heap after
{Heap after GC invocations=32 (full 0):
 garbage-first heap   total 116736K, used 57640K [0x0000000080000000, 0x0000000100000000)
  region size 1024K, 5 young (5120K), 5 survivors (5120K)
 Metaspace       used 78536K, committed 80448K, reserved 1179648K
  class space    used 11078K, committed 11968K, reserved 1048576K
}
Event: 21.120 GC heap before
{Heap before GC invocations=32 (full 0):
 garbage-first heap   total 116736K, used 106792K [0x0000000080000000, 0x0000000100000000)
  region size 1024K, 54 young (55296K), 5 survivors (5120K)
 Metaspace       used 78542K, committed 80448K, reserved 1179648K
  class space    used 11078K, committed 11968K, reserved 1048576K
}

Dll operation events (3 events):
Event: 0.020 Loaded shared library C:\Program Files\Android\Android Studio\jbr\bin\java.dll
Event: 0.032 Loaded shared library C:\Program Files\Android\Android Studio\jbr\bin\zip.dll
Event: 1.538 Loaded shared library C:\Program Files\Android\Android Studio\jbr\bin\verify.dll

Deoptimization events (20 events):
Event: 20.837 Thread 0x0000014bdd0ae150 Uncommon trap: trap_request=0xffffffde fr.pc=0x0000014bc5f02e7c relative=0x00000000000002bc
Event: 20.837 Thread 0x0000014bdd0ae150 Uncommon trap: reason=class_check action=maybe_recompile pc=0x0000014bc5f02e7c method=java.util.concurrent.ConcurrentHashMap.get(Ljava/lang/Object;)Ljava/lang/Object; @ 93 c2
Event: 20.837 Thread 0x0000014bdd0ae150 DEOPT PACKING pc=0x0000014bc5f02e7c sp=0x000000438f8fd810
Event: 20.837 Thread 0x0000014bdd0ae150 DEOPT UNPACKING pc=0x0000014bc56443a2 sp=0x000000438f8fd768 mode 2
Event: 20.841 Thread 0x0000014bdd0ac080 Uncommon trap: trap_request=0xffffffde fr.pc=0x0000014bc5f02e7c relative=0x00000000000002bc
Event: 20.841 Thread 0x0000014bdd0ac080 Uncommon trap: reason=class_check action=maybe_recompile pc=0x0000014bc5f02e7c method=java.util.concurrent.ConcurrentHashMap.get(Ljava/lang/Object;)Ljava/lang/Object; @ 93 c2
Event: 20.841 Thread 0x0000014bdd0ac080 DEOPT PACKING pc=0x0000014bc5f02e7c sp=0x000000438f6fd8a0
Event: 20.841 Thread 0x0000014bdd0ac080 DEOPT UNPACKING pc=0x0000014bc56443a2 sp=0x000000438f6fd7f8 mode 2
Event: 20.843 Thread 0x0000014bdd0aacd0 Uncommon trap: trap_request=0xffffffde fr.pc=0x0000014bc5f02e7c relative=0x00000000000002bc
Event: 20.843 Thread 0x0000014bdd0aacd0 Uncommon trap: reason=class_check action=maybe_recompile pc=0x0000014bc5f02e7c method=java.util.concurrent.ConcurrentHashMap.get(Ljava/lang/Object;)Ljava/lang/Object; @ 93 c2
Event: 20.843 Thread 0x0000014bdd0aacd0 DEOPT PACKING pc=0x0000014bc5f02e7c sp=0x000000438f1fd800
Event: 20.843 Thread 0x0000014bdd0aacd0 DEOPT UNPACKING pc=0x0000014bc56443a2 sp=0x000000438f1fd758 mode 2
Event: 20.846 Thread 0x0000014bdd0ac710 Uncommon trap: trap_request=0xffffffde fr.pc=0x0000014bc5f02e7c relative=0x00000000000002bc
Event: 20.846 Thread 0x0000014bdd0ac710 Uncommon trap: reason=class_check action=maybe_recompile pc=0x0000014bc5f02e7c method=java.util.concurrent.ConcurrentHashMap.get(Ljava/lang/Object;)Ljava/lang/Object; @ 93 c2
Event: 20.846 Thread 0x0000014bdd0ac710 DEOPT PACKING pc=0x0000014bc5f02e7c sp=0x000000438fbfdf30
Event: 20.846 Thread 0x0000014bdd0ac710 DEOPT UNPACKING pc=0x0000014bc56443a2 sp=0x000000438fbfde88 mode 2
Event: 20.876 Thread 0x0000014bdd0ab360 DEOPT PACKING pc=0x0000014bbeaf94b2 sp=0x000000438f2fc880
Event: 20.876 Thread 0x0000014bdd0ab360 DEOPT UNPACKING pc=0x0000014bc5644b42 sp=0x000000438f2fbd40 mode 0
Event: 21.021 Thread 0x0000014bd9a29750 DEOPT PACKING pc=0x0000014bbe75ad9b sp=0x000000438a8fe4b0
Event: 21.021 Thread 0x0000014bd9a29750 DEOPT UNPACKING pc=0x0000014bc5644b42 sp=0x000000438a8fda38 mode 0

Classes loaded (20 events):
Event: 17.623 Loading class sun/security/ssl/NewSessionTicket$T13NewSessionTicketMessage
Event: 17.624 Loading class sun/security/ssl/NewSessionTicket$T13NewSessionTicketMessage done
Event: 18.144 Loading class sun/security/ssl/PreSharedKeyExtension$PskIdentity
Event: 18.144 Loading class sun/security/ssl/PreSharedKeyExtension$PskIdentity done
Event: 18.144 Loading class sun/security/ssl/PreSharedKeyExtension$CHPreSharedKeySpec
Event: 18.145 Loading class sun/security/ssl/PreSharedKeyExtension$CHPreSharedKeySpec done
Event: 18.145 Loading class sun/security/ssl/PreSharedKeyExtension$PartialClientHelloMessage
Event: 18.145 Loading class sun/security/ssl/PreSharedKeyExtension$PartialClientHelloMessage done
Event: 18.145 Loading class sun/security/ssl/SSLEngineOutputRecord
Event: 18.145 Loading class sun/security/ssl/SSLEngineOutputRecord done
Event: 18.146 Loading class sun/security/ssl/SSLEngineOutputRecord$HandshakeFragment
Event: 18.146 Loading class sun/security/ssl/SSLEngineOutputRecord$HandshakeFragment done
Event: 18.146 Loading class sun/security/ssl/SSLEngineOutputRecord$HandshakeMemo
Event: 18.146 Loading class sun/security/ssl/SSLEngineOutputRecord$RecordMemo
Event: 18.146 Loading class sun/security/ssl/SSLEngineOutputRecord$RecordMemo done
Event: 18.146 Loading class sun/security/ssl/SSLEngineOutputRecord$HandshakeMemo done
Event: 18.445 Loading class sun/security/ssl/PreSharedKeyExtension$SHPreSharedKeySpec
Event: 18.445 Loading class sun/security/ssl/PreSharedKeyExtension$SHPreSharedKeySpec done
Event: 19.611 Loading class java/util/LinkedList$LLSpliterator
Event: 19.611 Loading class java/util/LinkedList$LLSpliterator done

Classes unloaded (0 events):
No events

Classes redefined (0 events):
No events

Internal exceptions (20 events):
Event: 21.092 Thread 0x0000014bdd0a9fb0 Exception <a 'sun/nio/fs/WindowsException'{0x00000000851f7490}> (0x00000000851f7490) 
thrown [s\src\hotspot\share\prims\jni.cpp, line 537]
Event: 21.095 Thread 0x0000014bdd0af500 Exception <a 'sun/nio/fs/WindowsException'{0x0000000084efad90}> (0x0000000084efad90) 
thrown [s\src\hotspot\share\prims\jni.cpp, line 537]
Event: 21.095 Thread 0x0000014bdd0ae7e0 Exception <a 'sun/nio/fs/WindowsException'{0x0000000084d42750}> (0x0000000084d42750) 
thrown [s\src\hotspot\share\prims\jni.cpp, line 537]
Event: 21.096 Thread 0x0000014bdd0ae150 Exception <a 'sun/nio/fs/WindowsException'{0x0000000084c9e3d0}> (0x0000000084c9e3d0) 
thrown [s\src\hotspot\share\prims\jni.cpp, line 537]
Event: 21.096 Thread 0x0000014bdd0aee70 Exception <a 'sun/nio/fs/WindowsException'{0x0000000084b0d4f8}> (0x0000000084b0d4f8) 
thrown [s\src\hotspot\share\prims\jni.cpp, line 537]
Event: 21.096 Thread 0x0000014bdd0ab360 Exception <a 'sun/nio/fs/WindowsException'{0x0000000084a024a8}> (0x0000000084a024a8) 
thrown [s\src\hotspot\share\prims\jni.cpp, line 537]
Event: 21.096 Thread 0x0000014bdd0ac710 Exception <a 'sun/nio/fs/WindowsException'{0x0000000084de6cc0}> (0x0000000084de6cc0) 
thrown [s\src\hotspot\share\prims\jni.cpp, line 537]
Event: 21.099 Thread 0x0000014bdd0aacd0 Exception <a 'sun/nio/fs/WindowsException'{0x0000000084abf7a0}> (0x0000000084abf7a0) 
thrown [s\src\hotspot\share\prims\jni.cpp, line 537]
Event: 21.100 Thread 0x0000014bd9a2ab00 Exception <a 'sun/nio/fs/WindowsException'{0x00000000848198e0}> (0x00000000848198e0) 
thrown [s\src\hotspot\share\prims\jni.cpp, line 537]
Event: 21.101 Thread 0x0000014bdd0aa640 Exception <a 'sun/nio/fs/WindowsException'{0x0000000084a6c1a0}> (0x0000000084a6c1a0) 
thrown [s\src\hotspot\share\prims\jni.cpp, line 537]
Event: 21.101 Thread 0x0000014bdd0ab9f0 Exception <a 'sun/nio/fs/WindowsException'{0x00000000848ca608}> (0x00000000848ca608) 
thrown [s\src\hotspot\share\prims\jni.cpp, line 537]
Event: 21.102 Thread 0x0000014bdd0ac080 Exception <a 'sun/nio/fs/WindowsException'{0x0000000084749a90}> (0x0000000084749a90) 
thrown [s\src\hotspot\share\prims\jni.cpp, line 537]
Event: 21.108 Thread 0x0000014bdd0ae7e0 Exception <a 'sun/nio/fs/WindowsException'{0x0000000084589520}> (0x0000000084589520) 
thrown [s\src\hotspot\share\prims\jni.cpp, line 537]
Event: 21.108 Thread 0x0000014bdd0a9fb0 Exception <a 'sun/nio/fs/WindowsException'{0x000000008455eae0}> (0x000000008455eae0) 
thrown [s\src\hotspot\share\prims\jni.cpp, line 537]
Event: 21.110 Thread 0x0000014bdd0ae150 Exception <a 'sun/nio/fs/WindowsException'{0x0000000084391030}> (0x0000000084391030) 
thrown [s\src\hotspot\share\prims\jni.cpp, line 537]
Event: 21.110 Thread 0x0000014bdd0af500 Exception <a 'sun/nio/fs/WindowsException'{0x00000000843ec1d8}> (0x00000000843ec1d8) 
thrown [s\src\hotspot\share\prims\jni.cpp, line 537]
Event: 21.113 Thread 0x0000014bdd0ab360 Exception <a 'sun/nio/fs/WindowsException'{0x0000000084003a28}> (0x0000000084003a28) 
thrown [s\src\hotspot\share\prims\jni.cpp, line 537]
Event: 21.114 Thread 0x0000014bdd0ac710 Exception <a 'sun/nio/fs/WindowsException'{0x00000000842fb738}> (0x00000000842fb738) 
thrown [s\src\hotspot\share\prims\jni.cpp, line 537]
Event: 21.114 Thread 0x0000014bdd0aacd0 Exception <a 'sun/nio/fs/WindowsException'{0x0000000084065200}> (0x0000000084065200) 
thrown [s\src\hotspot\share\prims\jni.cpp, line 537]
Event: 21.116 Thread 0x0000014bdd0aee70 Exception <a 'sun/nio/fs/WindowsException'{0x0000000084168f40}> (0x0000000084168f40) 
thrown [s\src\hotspot\share\prims\jni.cpp, line 537]

ZGC Phase Switch (0 events):
No events

VM Operations (20 events):
Event: 20.258 Executing safepoint VM operation: G1CollectForAllocation (G1 Evacuation Pause) done
Event: 20.395 Executing safepoint VM operation: G1CollectForAllocation (G1 Evacuation Pause)
Event: 20.399 Executing safepoint VM operation: G1CollectForAllocation (G1 Evacuation Pause) done
Event: 20.451 Executing safepoint VM operation: G1PauseRemark
Event: 20.458 Executing safepoint VM operation: G1PauseRemark done
Event: 20.470 Executing safepoint VM operation: G1PauseCleanup
Event: 20.471 Executing safepoint VM operation: G1PauseCleanup done
Event: 20.573 Executing safepoint VM operation: G1CollectForAllocation (G1 Evacuation Pause)
Event: 20.578 Executing safepoint VM operation: G1CollectForAllocation (G1 Evacuation Pause) done
Event: 20.786 Executing safepoint VM operation: G1CollectForAllocation (G1 Evacuation Pause)
Event: 20.792 Executing safepoint VM operation: G1CollectForAllocation (G1 Evacuation Pause) done
Event: 20.909 Executing safepoint VM operation: G1CollectForAllocation (G1 Evacuation Pause)
Event: 20.914 Executing safepoint VM operation: G1CollectForAllocation (G1 Evacuation Pause) done
Event: 20.967 Executing safepoint VM operation: G1PauseRemark
Event: 20.972 Executing safepoint VM operation: G1PauseRemark done
Event: 20.987 Executing safepoint VM operation: G1PauseCleanup
Event: 20.987 Executing safepoint VM operation: G1PauseCleanup done
Event: 21.025 Executing safepoint VM operation: G1CollectForAllocation (G1 Evacuation Pause)
Event: 21.030 Executing safepoint VM operation: G1CollectForAllocation (G1 Evacuation Pause) done
Event: 21.120 Executing safepoint VM operation: G1CollectForAllocation (G1 Evacuation Pause)

Memory protections (0 events):
No events

Nmethod flushes (20 events):
Event: 20.971 Thread 0x0000014bd2a71380 flushing  nmethod 0x0000014bbe90f290
Event: 20.971 Thread 0x0000014bd2a71380 flushing  nmethod 0x0000014bbe953d10
Event: 20.971 Thread 0x0000014bd2a71380 flushing  nmethod 0x0000014bbe955810
Event: 20.971 Thread 0x0000014bd2a71380 flushing  nmethod 0x0000014bc5fa1010
Event: 20.971 Thread 0x0000014bd2a71380 flushing  nmethod 0x0000014bbe35b610
Event: 20.971 Thread 0x0000014bd2a71380 flushing  nmethod 0x0000014bbe189d90
Event: 20.971 Thread 0x0000014bd2a71380 flushing  nmethod 0x0000014bbe2fb990
Event: 20.971 Thread 0x0000014bd2a71380 flushing  nmethod 0x0000014bbe859210
Event: 20.971 Thread 0x0000014bd2a71380 flushing  nmethod 0x0000014bbe93a390
Event: 20.971 Thread 0x0000014bd2a71380 flushing  nmethod 0x0000014bbe93b410
Event: 20.971 Thread 0x0000014bd2a71380 flushing  nmethod 0x0000014bbe93c210
Event: 20.971 Thread 0x0000014bd2a71380 flushing  nmethod 0x0000014bbe965f10
Event: 20.971 Thread 0x0000014bd2a71380 flushing  nmethod 0x0000014bbe969190
Event: 20.971 Thread 0x0000014bd2a71380 flushing  nmethod 0x0000014bbe96dd10
Event: 20.971 Thread 0x0000014bd2a71380 flushing  nmethod 0x0000014bbe99f710
Event: 20.971 Thread 0x0000014bd2a71380 flushing  nmethod 0x0000014bbe99fa90
Event: 20.971 Thread 0x0000014bd2a71380 flushing  nmethod 0x0000014bbe9a2210
Event: 20.971 Thread 0x0000014bd2a71380 flushing  nmethod 0x0000014bbe9cf490
Event: 20.971 Thread 0x0000014bd2a71380 flushing  nmethod 0x0000014bbe9cfe10
Event: 20.971 Thread 0x0000014bd2a71380 flushing  nmethod 0x0000014bbec54690

Events (20 events):
Event: 19.932 Thread 0x0000014bd9a2ab00 Thread added: 0x0000014bdbeec170
Event: 19.933 Thread 0x0000014bd9a2ab00 Thread added: 0x0000014bdbeed520
Event: 19.934 Thread 0x0000014bd9a2ab00 Thread added: 0x0000014bdbeec800
Event: 19.936 Thread 0x0000014bd9a2ab00 Thread added: 0x0000014bdbeece90
Event: 19.946 Thread 0x0000014bd9a2ab00 Thread added: 0x0000014bdbeedbb0
Event: 19.951 Thread 0x0000014bd9a2ab00 Thread added: 0x0000014bdbeee240
Event: 19.955 Thread 0x0000014bd9a2ab00 Thread added: 0x0000014bdbeee8d0
Event: 19.960 Thread 0x0000014bd2be59e0 Thread added: 0x0000014bdd029650
Event: 20.126 Thread 0x0000014bd2be59e0 Thread added: 0x0000014bdd026d70
Event: 20.168 Thread 0x0000014bd9a2ab00 Thread added: 0x0000014bdd0aacd0
Event: 20.168 Thread 0x0000014bd9a2ab00 Thread added: 0x0000014bdd0ab360
Event: 20.168 Thread 0x0000014bd9a2ab00 Thread added: 0x0000014bdd0a9fb0
Event: 20.169 Thread 0x0000014bd9a2ab00 Thread added: 0x0000014bdd0ab9f0
Event: 20.169 Thread 0x0000014bd9a2ab00 Thread added: 0x0000014bdd0aa640
Event: 20.170 Thread 0x0000014bd9a2ab00 Thread added: 0x0000014bdd0ac080
Event: 20.170 Thread 0x0000014bd9a2ab00 Thread added: 0x0000014bdd0af500
Event: 20.170 Thread 0x0000014bd9a2ab00 Thread added: 0x0000014bdd0ae150
Event: 20.171 Thread 0x0000014bd9a2ab00 Thread added: 0x0000014bdd0ae7e0
Event: 20.171 Thread 0x0000014bd9a2ab00 Thread added: 0x0000014bdd0aee70
Event: 20.171 Thread 0x0000014bd9a2ab00 Thread added: 0x0000014bdd0ac710


Dynamic libraries:
0x00007ff73cf90000 - 0x00007ff73cf9a000 	C:\Program Files\Android\Android Studio\jbr\bin\java.exe
0x00007ffa0b2e0000 - 0x00007ffa0b547000 	C:\WINDOWS\SYSTEM32\ntdll.dll
0x00007ffa0a040000 - 0x00007ffa0a109000 	C:\WINDOWS\System32\KERNEL32.DLL
0x00007ffa08850000 - 0x00007ffa08c41000 	C:\WINDOWS\System32\KERNELBASE.dll
0x00007ffa08c50000 - 0x00007ffa08d9b000 	C:\WINDOWS\System32\ucrtbase.dll
0x00007ff9c22c0000 - 0x00007ff9c22db000 	C:\Program Files\Android\Android Studio\jbr\bin\VCRUNTIME140.dll
0x00007ff9d4d60000 - 0x00007ff9d4d78000 	C:\Program Files\Android\Android Studio\jbr\bin\jli.dll
0x00007ffa09100000 - 0x00007ffa092c5000 	C:\WINDOWS\System32\USER32.dll
0x00007ffa08ed0000 - 0x00007ffa08ef7000 	C:\WINDOWS\System32\win32u.dll
0x00007ff9ee850000 - 0x00007ff9eeae3000 	C:\WINDOWS\WinSxS\amd64_microsoft.windows.common-controls_6595b64144ccf1df_6.0.26100.8037_none_3e092faae333b53b\COMCTL32.dll
0x00007ffa092d0000 - 0x00007ffa092fb000 	C:\WINDOWS\System32\GDI32.dll
0x00007ffa0a270000 - 0x00007ffa0a319000 	C:\WINDOWS\System32\msvcrt.dll
0x00007ffa08da0000 - 0x00007ffa08ecb000 	C:\WINDOWS\System32\gdi32full.dll
0x00007ffa08430000 - 0x00007ffa084d3000 	C:\WINDOWS\System32\msvcp_win.dll
0x00007ffa0a970000 - 0x00007ffa0a9a1000 	C:\WINDOWS\System32\IMM32.DLL
0x00007ff9d9ea0000 - 0x00007ff9d9eac000 	C:\Program Files\Android\Android Studio\jbr\bin\vcruntime140_1.dll
0x00007ff9c80f0000 - 0x00007ff9c817d000 	C:\Program Files\Android\Android Studio\jbr\bin\msvcp140.dll
0x00007ff97a1f0000 - 0x00007ff97ae86000 	C:\Program Files\Android\Android Studio\jbr\bin\server\jvm.dll
0x00007ffa0a140000 - 0x00007ffa0a1fb000 	C:\WINDOWS\System32\ADVAPI32.dll
0x00007ffa09df0000 - 0x00007ffa09e97000 	C:\WINDOWS\System32\sechost.dll
0x00007ffa09a00000 - 0x00007ffa09b18000 	C:\WINDOWS\System32\RPCRT4.dll
0x00007ffa0a710000 - 0x00007ffa0a784000 	C:\WINDOWS\System32\WS2_32.dll
0x00007ffa07a20000 - 0x00007ffa07a7e000 	C:\WINDOWS\SYSTEM32\POWRPROF.dll
0x00007ffa01100000 - 0x00007ffa01135000 	C:\WINDOWS\SYSTEM32\WINMM.dll
0x00007ffa01140000 - 0x00007ffa0114b000 	C:\WINDOWS\SYSTEM32\VERSION.dll
0x00007ffa07a00000 - 0x00007ffa07a14000 	C:\WINDOWS\SYSTEM32\UMPDC.dll
0x00007ffa06950000 - 0x00007ffa0696b000 	C:\WINDOWS\SYSTEM32\kernel.appcore.dll
0x00007ff9ca140000 - 0x00007ff9ca14a000 	C:\Program Files\Android\Android Studio\jbr\bin\jimage.dll
0x00007ffa05680000 - 0x00007ffa058c2000 	C:\WINDOWS\SYSTEM32\DBGHELP.DLL
0x00007ffa0a380000 - 0x00007ffa0a702000 	C:\WINDOWS\System32\combase.dll
0x00007ffa09300000 - 0x00007ffa093d7000 	C:\WINDOWS\System32\OLEAUT32.dll
0x00007ff9dc330000 - 0x00007ff9dc36b000 	C:\WINDOWS\SYSTEM32\dbgcore.DLL
0x00007ffa087a0000 - 0x00007ffa08845000 	C:\WINDOWS\System32\bcryptPrimitives.dll
0x00007ff9e9810000 - 0x00007ff9e981e000 	C:\Program Files\Android\Android Studio\jbr\bin\instrument.dll
0x00007ff9c2020000 - 0x00007ff9c2040000 	C:\Program Files\Android\Android Studio\jbr\bin\java.dll
0x00007ff9c2000000 - 0x00007ff9c2018000 	C:\Program Files\Android\Android Studio\jbr\bin\zip.dll
0x00007ffa0a9d0000 - 0x00007ffa0b12f000 	C:\WINDOWS\System32\SHELL32.dll
0x00007ffa08570000 - 0x00007ffa086da000 	C:\WINDOWS\System32\wintypes.dll
0x00007ffa07bc0000 - 0x00007ffa08424000 	C:\WINDOWS\System32\windows.storage.dll
0x00007ffa09470000 - 0x00007ffa09567000 	C:\WINDOWS\System32\SHCORE.dll
0x00007ffa0a200000 - 0x00007ffa0a267000 	C:\WINDOWS\System32\shlwapi.dll
0x00007ffa07ae0000 - 0x00007ffa07b09000 	C:\WINDOWS\SYSTEM32\profapi.dll
0x00007ff9c1d60000 - 0x00007ff9c1d70000 	C:\Program Files\Android\Android Studio\jbr\bin\net.dll
0x00007ff9fdd60000 - 0x00007ff9fde87000 	C:\WINDOWS\SYSTEM32\WINHTTP.dll
0x00007ffa06ec0000 - 0x00007ffa06f2b000 	C:\WINDOWS\system32\mswsock.dll
0x00007ff9c1d40000 - 0x00007ff9c1d56000 	C:\Program Files\Android\Android Studio\jbr\bin\nio.dll
0x00007ff9fe880000 - 0x00007ff9fe890000 	C:\Program Files\Android\Android Studio\jbr\bin\verify.dll
0x00007ff9e7d70000 - 0x00007ff9e7d97000 	C:\Users\kimar\.gradle\native\660c5614fbf4a5f2a75b1949f50a0caf5cd603558e7d8a26e50b933a0cfb79d1\windows-amd64\native-platform.dll
0x00007ff99d000000 - 0x00007ff99d077000 	C:\Users\kimar\.gradle\native\0.2.8\x86_64-windows-gnu\gradle-fileevents.dll
0x00007ff9c1610000 - 0x00007ff9c1619000 	C:\Program Files\Android\Android Studio\jbr\bin\management.dll
0x00007ff9bcc60000 - 0x00007ff9bcc6b000 	C:\Program Files\Android\Android Studio\jbr\bin\management_ext.dll
0x00007ffa09c30000 - 0x00007ffa09c38000 	C:\WINDOWS\System32\PSAPI.DLL
0x00007ffa063f0000 - 0x00007ffa06423000 	C:\WINDOWS\SYSTEM32\IPHLPAPI.DLL
0x00007ffa093e0000 - 0x00007ffa093ea000 	C:\WINDOWS\System32\NSI.dll
0x00007ff9c1620000 - 0x00007ff9c1629000 	C:\Program Files\Android\Android Studio\jbr\bin\extnet.dll
0x00007ffa071a0000 - 0x00007ffa071bb000 	C:\WINDOWS\SYSTEM32\CRYPTSP.dll
0x00007ffa068b0000 - 0x00007ffa068e9000 	C:\WINDOWS\system32\rsaenh.dll
0x00007ffa06f70000 - 0x00007ffa06fa2000 	C:\WINDOWS\SYSTEM32\USERENV.dll
0x00007ffa07ab0000 - 0x00007ffa07ada000 	C:\WINDOWS\SYSTEM32\bcrypt.dll
0x00007ffa071c0000 - 0x00007ffa071cc000 	C:\WINDOWS\SYSTEM32\CRYPTBASE.dll
0x00007ff9c7980000 - 0x00007ff9c7988000 	C:\WINDOWS\system32\wshunix.dll
0x00007ffa06430000 - 0x00007ffa0655a000 	C:\WINDOWS\SYSTEM32\DNSAPI.dll
0x0000000063d90000 - 0x0000000063db6000 	C:\Program Files\Bonjour\mdnsNSP.dll
0x00007ff9fb620000 - 0x00007ff9fb62b000 	C:\Windows\System32\rasadhlp.dll
0x00007ffa00e00000 - 0x00007ffa00e86000 	C:\WINDOWS\System32\fwpuclnt.dll

JVMTI agents:
C:\Users\kimar\.gradle\wrapper\dists\gradle-9.3.1-bin\23ovyewtku6u96viwx3xl3oks\gradle-9.3.1\lib\agents\gradle-instrumentation-agent-9.3.1.jar path:C:\Program Files\Android\Android Studio\jbr\bin\instrument.dll, loaded, initialized, instrumentlib options:none

dbghelp: loaded successfully - version: 4.0.5 - missing functions: none
symbol engine: initialized successfully - sym options: 0x614 - pdb path: .;C:\Program Files\Android\Android Studio\jbr\bin;C:\WINDOWS\SYSTEM32;C:\WINDOWS\WinSxS\amd64_microsoft.windows.common-controls_6595b64144ccf1df_6.0.26100.8037_none_3e092faae333b53b;C:\Program Files\Android\Android Studio\jbr\bin\server;C:\Users\kimar\.gradle\native\660c5614fbf4a5f2a75b1949f50a0caf5cd603558e7d8a26e50b933a0cfb79d1\windows-amd64;C:\Users\kimar\.gradle\native\0.2.8\x86_64-windows-gnu;C:\Program Files\Bonjour

VM Arguments:
jvm_args: --add-opens=java.base/java.lang=ALL-UNNAMED --add-opens=java.base/java.lang.invoke=ALL-UNNAMED --add-opens=java.base/java.util=ALL-UNNAMED --add-opens=java.prefs/java.util.prefs=ALL-UNNAMED --add-exports=jdk.compiler/com.sun.tools.javac.api=ALL-UNNAMED --add-exports=jdk.compiler/com.sun.tools.javac.util=ALL-UNNAMED --add-opens=java.base/java.util=ALL-UNNAMED --add-opens=java.prefs/java.util.prefs=ALL-UNNAMED --add-opens=java.base/java.nio.charset=ALL-UNNAMED --add-opens=java.base/java.net=ALL-UNNAMED --add-opens=java.base/java.util.concurrent=ALL-UNNAMED --add-opens=java.base/java.util.concurrent.atomic=ALL-UNNAMED --add-opens=java.xml/javax.xml.namespace=ALL-UNNAMED --add-opens=java.base/java.time=ALL-UNNAMED -Xmx2048m -Dfile.encoding=UTF-8 -Duser.country=GB -Duser.language=en -Duser.variant -javaagent:C:\Users\kimar\.gradle\wrapper\dists\gradle-9.3.1-bin\23ovyewtku6u96viwx3xl3oks\gradle-9.3.1\lib\agents\gradle-instrumentation-agent-9.3.1.jar 
java_command: org.gradle.launcher.daemon.bootstrap.GradleDaemon 9.3.1
java_class_path (initial): C:\Users\kimar\.gradle\wrapper\dists\gradle-9.3.1-bin\23ovyewtku6u96viwx3xl3oks\gradle-9.3.1\lib\gradle-daemon-main-9.3.1.jar
Launcher Type: SUN_STANDARD

[Global flags]
     intx CICompilerCount                          = 4                                         {product} {ergonomic}
     uint ConcGCThreads                            = 3                                         {product} {ergonomic}
     uint G1ConcRefinementThreads                  = 10                                        {product} {ergonomic}
   size_t G1HeapRegionSize                         = 1048576                                   {product} {ergonomic}
    uintx GCDrainStackTargetSize                   = 64                                        {product} {ergonomic}
   size_t InitialHeapSize                          = 257949696                                 {product} {ergonomic}
   size_t MarkStackSize                            = 4194304                                   {product} {ergonomic}
   size_t MaxHeapSize                              = 2147483648                                {product} {command line}
   size_t MaxNewSize                               = 1287651328                                {product} {ergonomic}
   size_t MinHeapDeltaBytes                        = 1048576                                   {product} {ergonomic}
   size_t MinHeapSize                              = 8388608                                   {product} {ergonomic}
    uintx NonNMethodCodeHeapSize                   = 5839372                                {pd product} {ergonomic}
    uintx NonProfiledCodeHeapSize                  = 122909434                              {pd product} {ergonomic}
    uintx ProfiledCodeHeapSize                     = 122909434                              {pd product} {ergonomic}
    uintx ReservedCodeCacheSize                    = 251658240                              {pd product} {ergonomic}
     bool SegmentedCodeCache                       = true                                      {product} {ergonomic}
   size_t SoftMaxHeapSize                          = 2147483648                             {manageable} {ergonomic}
     bool UseCompressedOops                        = true                           {product lp64_product} {ergonomic}
     bool UseG1GC                                  = true                                      {product} {ergonomic}
     bool UseLargePagesIndividualAllocation        = false                                  {pd product} {ergonomic}

Logging:
Log output configuration:
 #0: stdout all=warning uptime,level,tags foldmultilines=false
 #1: stderr all=off uptime,level,tags foldmultilines=false

Release file:
JAVA_VERSION="21.0.10" 
MODULES="java.base java.compiler java.datatransfer java.xml java.prefs java.desktop java.instrument java.logging java.management java.security.sasl java.naming java.rmi java.management.rmi java.net.http java.scripting java.security.jgss java.transaction.xa java.sql java.sql.rowset java.xml.crypto java.se java.smartcardio jdk.accessibility jdk.internal.jvmstat jdk.attach jdk.charsets jdk.internal.opt jdk.zipfs jdk.compiler jdk.crypto.ec jdk.crypto.cryptoki jdk.dynalink jdk.hotspot.agent jdk.httpserver jdk.internal.ed jdk.internal.le jdk.internal.vm.ci jdk.jartool jdk.javadoc jdk.jcmd jdk.jdeps jdk.jdwp.agent jdk.jdi jdk.jfr jdk.jlink jdk.jsobject jdk.localedata jdk.management jdk.management.agent jdk.management.jfr jdk.naming.dns jdk.naming.rmi jdk.net jdk.sctp jdk.security.auth jdk.security.jgss jdk.unsupported jdk.unsupported.desktop jdk.xml.dom" 
IMPLEMENTOR="JetBrains s.r.o." 
JAVA_RUNTIME_VERSION="21.0.10+-14961533-b1163.108" 
LIBC="default" 
OS_ARCH="x86_64" 
OS_NAME="Windows" 
SOURCE=".:git:1351622c2ff2" 

Environment Variables:
PATH=C:\Python314\Scripts\;C:\Python314\;C:\Program Files\Common Files\Oracle\Java\javapath;C:\WINDOWS\system32;C:\WINDOWS;C:\WINDOWS\System32\Wbem;C:\WINDOWS\System32\WindowsPowerShell\v1.0\;C:\WINDOWS\System32\OpenSSH\;C:\Program Files\HP\HP One Agent;C:\Program Files\dotnet\;C:\Program Files\Docker\Docker\resources\bin;C:\ProgramData\chocolatey\bin;C:\Program Files\nodejs\;C:\Program Files\Git\cmd;C:\Users\kimar\AppData\Local\Programs\Python\Launcher\;C:\Users\kimar\AppData\Local\Microsoft\WindowsApps;C:\Users\kimar\AppData\Local\Programs\Microsoft VS Code\bin;C:\Users\kimar\.dotnet\tools;C:\Users\kimar\AppData\Local\Programs\Windsurf\bin;C:\Users\kimar\AppData\Local\GitHubDesktop\bin;C:\Users\kimar\AppData\Roaming\npm
USERNAME=kimar
OS=Windows_NT
PROCESSOR_IDENTIFIER=AMD64 Family 25 Model 80 Stepping 0, AuthenticAMD
TMP=C:\Users\kimar\AppData\Local\Temp
TEMP=C:\Users\kimar\AppData\Local\Temp




Periodic native trim disabled

JNI global refs:
JNI global refs: 29, weak refs: 1

JNI global refs memory usage: 835, weak refs: 833

Process memory usage:
Resident Set Size: 354912K (2% of 16100356K total physical memory with 2608228K free physical memory)

OOME stack traces (most recent first):
Classloader memory used:
Loader org.gradle.internal.classloader.VisitableURLClassLoader                         : 38541K
Loader bootstrap                                                                       : 27658K
Loader org.gradle.initialization.MixInLegacyTypesClassLoader                           : 11203K
Loader jdk.internal.loader.ClassLoaders$PlatformClassLoader                            : 433K
Loader jdk.internal.loader.ClassLoaders$AppClassLoader                                 : 229K
Loader org.gradle.internal.classloader.VisitableURLClassLoader                         : 196K
Loader jdk.internal.reflect.DelegatingClassLoader                                      : 114K
Loader org.gradle.groovy.scripts.internal.DefaultScriptCompilationHandler$ScriptClassLoader: 104K
Loader org.gradle.internal.classloader.VisitableURLClassLoader$InstrumentingVisitableURLClassLoader: 62016B

Classes loaded by more than one classloader:
Class Program                                                                         : loaded 3 times (x 72B)
Class org.gradle.internal.classloader.ClassLoaderHierarchy                            : loaded 2 times (x 70B)
Class org.gradle.api.internal.classpath.ManifestUtil                                  : loaded 2 times (x 71B)
Class org.gradle.internal.classloader.DefaultClassLoaderFactory                       : loaded 2 times (x 82B)
Class org.gradle.internal.classloader.ClassLoaderVisitor                              : loaded 2 times (x 76B)
Class org.gradle.api.internal.classpath.EffectiveClassPath                            : loaded 2 times (x 90B)
Class org.gradle.api.internal.DefaultClassPathProvider                                : loaded 2 times (x 76B)
Class [Lorg.gradle.api.internal.ClassPathProvider;                                    : loaded 2 times (x 69B)
Class org.gradle.api.internal.ClassPathProvider                                       : loaded 2 times (x 70B)
Class org.gradle.internal.service.UnknownServiceException                             : loaded 2 times (x 83B)
Class org.gradle.internal.classpath.TransformedClassPath                              : loaded 2 times (x 96B)
Class org.gradle.internal.classloader.InstrumentingClassLoader                        : loaded 2 times (x 70B)
Class org.gradle.internal.service.ServiceLocator                                      : loaded 2 times (x 70B)
Class ijKotlinCoroutineJvmDebugInit1_3sjh8s9q6vgiiv93noex13zg5                        : loaded 2 times (x 171B)
Class ijJvmDebugger1_f1fkrbtdhdpef0l4v8w4pg8ij                                        : loaded 2 times (x 171B)
Class org.gradle.internal.classloader.ClasspathUtil$1                                 : loaded 2 times (x 76B)
Class org.gradle.api.internal.classpath.DefaultModuleRegistry$DefaultModule           : loaded 2 times (x 86B)
Class org.gradle.api.internal.classpath.Module                                        : loaded 2 times (x 70B)
Class org.gradle.api.internal.classpath.UnknownModuleException                        : loaded 2 times (x 82B)
Class org.gradle.api.internal.DefaultClassPathRegistry                                : loaded 2 times (x 76B)
Class org.gradle.api.internal.ClassPathRegistry                                       : loaded 2 times (x 70B)
Class org.gradle.internal.classpath.DefaultClassPath$ImmutableUniqueList              : loaded 2 times (x 199B)
Class org.gradle.internal.classloader.FilteringClassLoader                            : loaded 2 times (x 105B)
Class Settings_gradle$1                                                               : loaded 2 times (x 74B)
Class org.gradle.internal.classpath.ClassPath                                         : loaded 2 times (x 70B)
Class org.gradle.api.internal.classpath.ModuleRegistry                                : loaded 2 times (x 70B)
Class org.gradle.internal.installation.GradleInstallation$1                           : loaded 2 times (x 75B)
Class org.gradle.api.internal.classpath.DefaultModuleRegistry                         : loaded 2 times (x 86B)
Class org.gradle.internal.service.ServiceLookupException                              : loaded 2 times (x 82B)
Class org.gradle.internal.classloader.ClassLoaderFactory                              : loaded 2 times (x 70B)
Class org.gradle.internal.service.CachingServiceLocator                               : loaded 2 times (x 82B)
Class ijJvmDebugger1_f1fkrbtdhdpef0l4v8w4pg8ij$_run_closure1$_closure2                : loaded 2 times (x 140B)
Class org.gradle.internal.classloader.ClasspathUtil                                   : loaded 2 times (x 71B)
Class org.gradle.api.specs.Spec                                                       : loaded 2 times (x 70B)
Class org.gradle.internal.classloader.VisitableURLClassLoader$InstrumentingVisitableURLClassLoader: loaded 2 times (x 123B)
Class org.gradle.internal.classloader.VisitableURLClassLoader$Spec                    : loaded 2 times (x 74B)
Class org.gradle.internal.classpath.DefaultClassPath                                  : loaded 2 times (x 90B)
Class org.gradle.internal.classloader.ClassLoaderSpec                                 : loaded 2 times (x 71B)
Class Settings_gradle$1$1                                                             : loaded 2 times (x 74B)
Class org.gradle.internal.classloader.VisitableURLClassLoader                         : loaded 2 times (x 117B)
Class Settings_gradle                                                                 : loaded 2 times (x 124B)
Class org.gradle.internal.Cast                                                        : loaded 2 times (x 71B)
Class org.gradle.api.Action                                                           : loaded 2 times (x 70B)
Class org.gradle.internal.classpath.DefaultClassPath$ImmutableUniqueList$Builder      : loaded 2 times (x 75B)
Class ijKotlinCoroutineJvmDebugInit1_3sjh8s9q6vgiiv93noex13zg5$_run_closure1          : loaded 2 times (x 139B)
Class org.gradle.api.GradleException                                                  : loaded 2 times (x 82B)
Class ijJvmDebugger1_f1fkrbtdhdpef0l4v8w4pg8ij$_run_closure1                          : loaded 2 times (x 139B)
Class org.gradle.internal.IoActions                                                   : loaded 2 times (x 71B)
Class org.gradle.internal.classloader.SystemClassLoaderSpec                           : loaded 2 times (x 71B)
Class org.gradle.api.internal.classpath.GlobalCacheRootsProvider                      : loaded 2 times (x 70B)
Class ijKotlinCoroutineJvmDebugInit1_3sjh8s9q6vgiiv93noex13zg5$_run_closure1$_closure2: loaded 2 times (x 139B)
Class org.gradle.internal.installation.CurrentGradleInstallationLocator               : loaded 2 times (x 71B)
Class org.gradle.internal.service.DefaultServiceLocator                               : loaded 2 times (x 83B)
Class org.gradle.internal.installation.CurrentGradleInstallation                      : loaded 2 times (x 73B)
Class org.gradle.util.internal.GUtil                                                  : loaded 2 times (x 71B)
Class org.gradle.internal.installation.GradleInstallation                             : loaded 2 times (x 75B)

---------------  S Y S T E M  ---------------

OS:
 Windows 11 , 64 bit Build 26100 (10.0.26100.7920)
OS uptime: 1 days 4:38 hours
Hyper-V role detected

CPU: total 12 (initial active 12) (12 cores per cpu, 2 threads per core) family 25 model 80 stepping 0 microcode 0xa500014, cx8, cmov, fxsr, ht, mmx, 3dnowpref, sse, sse2, sse3, ssse3, sse4a, sse4.1, sse4.2, popcnt, lzcnt, tsc, tscinvbit, avx, avx2, aes, erms, clmul, bmi1, bmi2, adx, sha, fma, vzeroupper, clflush, clflushopt, hv, rdtscp, rdpid, fsrm, f16c, cet_ss
Processor Information for the first 12 processors :
  Max Mhz: 2000, Current Mhz: 2000, Mhz Limit: 2000

Memory: 4k page, system-wide physical 15723M (2522M free)
TotalPageFile size 18723M (AvailPageFile size 21M)
current process WorkingSet (physical memory assigned to process): 346M, peak: 346M
current process commit charge ("private bytes"): 383M, peak: 435M

vm_info: OpenJDK 64-Bit Server VM (21.0.10+-14961533-b1163.108) for windows-amd64 JRE (21.0.10+-14961533-b1163.108), built on 2026-03-02T19:58:50Z by "builder" with MS VC++ 16.10 / 16.11 (VS2019)

END.
